CRITICAL - 2024-08-26 08:57:52 --> The action you requested is not allowed.
in SYSTEMPATH\Security\Security.php on line 306.
 1 SYSTEMPATH\Security\Security.php(306): CodeIgniter\Security\Exceptions\SecurityException::forDisallowedAction()
 2 SYSTEMPATH\Filters\CSRF.php(55): CodeIgniter\Security\Security->verify(Object(CodeIgniter\HTTP\IncomingRequest))
 3 SYSTEMPATH\Filters\Filters.php(173): CodeIgniter\Filters\CSRF->before(Object(CodeIgniter\HTTP\IncomingRequest), null)
 4 SYSTEMPATH\CodeIgniter.php(476): CodeIgniter\Filters\Filters->run('/clients/contacts_list_data/', 'before')
 5 SYSTEMPATH\CodeIgniter.php(369): CodeIgniter\CodeIgniter->handleRequest(null, Object(Config\Cache), false)
 6 FCPATH\index.php(80): CodeIgniter\CodeIgniter->run()
CRITICAL - 2024-08-26 11:51:02 --> The action you requested is not allowed.
in SYSTEMPATH\Security\Security.php on line 306.
 1 SYSTEMPATH\Security\Security.php(306): CodeIgniter\Security\Exceptions\SecurityException::forDisallowedAction()
 2 SYSTEMPATH\Filters\CSRF.php(55): CodeIgniter\Security\Security->verify(Object(CodeIgniter\HTTP\IncomingRequest))
 3 SYSTEMPATH\Filters\Filters.php(173): CodeIgniter\Filters\CSRF->before(Object(CodeIgniter\HTTP\IncomingRequest), null)
 4 SYSTEMPATH\CodeIgniter.php(476): CodeIgniter\Filters\Filters->run('/estimates/save', 'before')
 5 SYSTEMPATH\CodeIgniter.php(369): CodeIgniter\CodeIgniter->handleRequest(null, Object(Config\Cache), false)
 6 FCPATH\index.php(80): CodeIgniter\CodeIgniter->run()
CRITICAL - 2024-08-26 11:52:13 --> The action you requested is not allowed.
in SYSTEMPATH\Security\Security.php on line 306.
 1 SYSTEMPATH\Security\Security.php(306): CodeIgniter\Security\Exceptions\SecurityException::forDisallowedAction()
 2 SYSTEMPATH\Filters\CSRF.php(55): CodeIgniter\Security\Security->verify(Object(CodeIgniter\HTTP\IncomingRequest))
 3 SYSTEMPATH\Filters\Filters.php(173): CodeIgniter\Filters\CSRF->before(Object(CodeIgniter\HTTP\IncomingRequest), null)
 4 SYSTEMPATH\CodeIgniter.php(476): CodeIgniter\Filters\Filters->run('/projects/projects_list_data_of_client/533', 'before')
 5 SYSTEMPATH\CodeIgniter.php(369): CodeIgniter\CodeIgniter->handleRequest(null, Object(Config\Cache), false)
 6 FCPATH\index.php(80): CodeIgniter\CodeIgniter->run()
CRITICAL - 2024-08-26 11:52:26 --> The action you requested is not allowed.
in SYSTEMPATH\Security\Security.php on line 306.
 1 SYSTEMPATH\Security\Security.php(306): CodeIgniter\Security\Exceptions\SecurityException::forDisallowedAction()
 2 SYSTEMPATH\Filters\CSRF.php(55): CodeIgniter\Security\Security->verify(Object(CodeIgniter\HTTP\IncomingRequest))
 3 SYSTEMPATH\Filters\Filters.php(173): CodeIgniter\Filters\CSRF->before(Object(CodeIgniter\HTTP\IncomingRequest), null)
 4 SYSTEMPATH\CodeIgniter.php(476): CodeIgniter\Filters\Filters->run('/estimates/modal_form', 'before')
 5 SYSTEMPATH\CodeIgniter.php(369): CodeIgniter\CodeIgniter->handleRequest(null, Object(Config\Cache), false)
 6 FCPATH\index.php(80): CodeIgniter\CodeIgniter->run()
CRITICAL - 2024-08-26 12:32:17 --> Argument 2 passed to anchor() must be of the type string, null given, called in E:\httpdocs\www\crm\app\Views\estimates\estimate_status_bar.php on line 10
in SYSTEMPATH\Helpers\url_helper.php on line 251.
 1 APPPATH\Views\estimates\estimate_status_bar.php(10): anchor('https://uniebco.com.br/crm/clients/view/', null)
 2 SYSTEMPATH\View\View.php(213): include('APPPATH\\Views\\estimates\\estimate_status_bar.php')
 3 SYSTEMPATH\View\View.php(216): CodeIgniter\View\View->CodeIgniter\View\{closure}()
 4 SYSTEMPATH\Common.php(1184): CodeIgniter\View\View->render('estimates/estimate_status_bar', [], true)
 5 APPPATH\Views\estimates\view.php(95): view('estimates/estimate_status_bar')
 6 SYSTEMPATH\View\View.php(213): include('APPPATH\\Views\\estimates\\view.php')
 7 SYSTEMPATH\View\View.php(216): CodeIgniter\View\View->CodeIgniter\View\{closure}()
 8 SYSTEMPATH\Common.php(1184): CodeIgniter\View\View->render('estimates/view', [], true)
 9 APPPATH\Views\layout\index.php(49): view('estimates/view')
10 SYSTEMPATH\View\View.php(213): include('APPPATH\\Views\\layout\\index.php')
11 SYSTEMPATH\View\View.php(216): CodeIgniter\View\View->CodeIgniter\View\{closure}()
12 SYSTEMPATH\Common.php(1184): CodeIgniter\View\View->render('layout/index', [], true)
13 APPPATH\Libraries\Template.php(38): view('layout/index', [...])
14 APPPATH\Libraries\Template.php(22): App\Libraries\Template->view('layout/index', [...])
15 APPPATH\Controllers\Estimates.php(610): App\Libraries\Template->rander('estimates/view', [...])
16 SYSTEMPATH\CodeIgniter.php(939): App\Controllers\Estimates->view('16')
17 SYSTEMPATH\CodeIgniter.php(504): CodeIgniter\CodeIgniter->runController(Object(App\Controllers\Estimates))
18 SYSTEMPATH\CodeIgniter.php(369): CodeIgniter\CodeIgniter->handleRequest(null, Object(Config\Cache), false)
19 FCPATH\index.php(80): CodeIgniter\CodeIgniter->run()
CRITICAL - 2024-08-26 12:32:41 --> Argument 2 passed to anchor() must be of the type string, null given, called in E:\httpdocs\www\crm\app\Views\estimates\estimate_status_bar.php on line 10
in SYSTEMPATH\Helpers\url_helper.php on line 251.
 1 APPPATH\Views\estimates\estimate_status_bar.php(10): anchor('https://uniebco.com.br/crm/clients/view/', null)
 2 SYSTEMPATH\View\View.php(213): include('APPPATH\\Views\\estimates\\estimate_status_bar.php')
 3 SYSTEMPATH\View\View.php(216): CodeIgniter\View\View->CodeIgniter\View\{closure}()
 4 SYSTEMPATH\Common.php(1184): CodeIgniter\View\View->render('estimates/estimate_status_bar', [], true)
 5 APPPATH\Views\estimates\view.php(95): view('estimates/estimate_status_bar')
 6 SYSTEMPATH\View\View.php(213): include('APPPATH\\Views\\estimates\\view.php')
 7 SYSTEMPATH\View\View.php(216): CodeIgniter\View\View->CodeIgniter\View\{closure}()
 8 SYSTEMPATH\Common.php(1184): CodeIgniter\View\View->render('estimates/view', [], true)
 9 APPPATH\Views\layout\index.php(49): view('estimates/view')
10 SYSTEMPATH\View\View.php(213): include('APPPATH\\Views\\layout\\index.php')
11 SYSTEMPATH\View\View.php(216): CodeIgniter\View\View->CodeIgniter\View\{closure}()
12 SYSTEMPATH\Common.php(1184): CodeIgniter\View\View->render('layout/index', [], true)
13 APPPATH\Libraries\Template.php(38): view('layout/index', [...])
14 APPPATH\Libraries\Template.php(22): App\Libraries\Template->view('layout/index', [...])
15 APPPATH\Controllers\Estimates.php(610): App\Libraries\Template->rander('estimates/view', [...])
16 SYSTEMPATH\CodeIgniter.php(939): App\Controllers\Estimates->view('16')
17 SYSTEMPATH\CodeIgniter.php(504): CodeIgniter\CodeIgniter->runController(Object(App\Controllers\Estimates))
18 SYSTEMPATH\CodeIgniter.php(369): CodeIgniter\CodeIgniter->handleRequest(null, Object(Config\Cache), false)
19 FCPATH\index.php(80): CodeIgniter\CodeIgniter->run()
CRITICAL - 2024-08-26 12:33:20 --> Argument 2 passed to anchor() must be of the type string, null given, called in E:\httpdocs\www\crm\app\Views\estimates\estimate_status_bar.php on line 10
in SYSTEMPATH\Helpers\url_helper.php on line 251.
 1 APPPATH\Views\estimates\estimate_status_bar.php(10): anchor('https://uniebco.com.br/crm/clients/view/', null)
 2 SYSTEMPATH\View\View.php(213): include('APPPATH\\Views\\estimates\\estimate_status_bar.php')
 3 SYSTEMPATH\View\View.php(216): CodeIgniter\View\View->CodeIgniter\View\{closure}()
 4 SYSTEMPATH\Common.php(1184): CodeIgniter\View\View->render('estimates/estimate_status_bar', [], true)
 5 APPPATH\Views\estimates\view.php(95): view('estimates/estimate_status_bar')
 6 SYSTEMPATH\View\View.php(213): include('APPPATH\\Views\\estimates\\view.php')
 7 SYSTEMPATH\View\View.php(216): CodeIgniter\View\View->CodeIgniter\View\{closure}()
 8 SYSTEMPATH\Common.php(1184): CodeIgniter\View\View->render('estimates/view', [], true)
 9 APPPATH\Views\layout\index.php(49): view('estimates/view')
10 SYSTEMPATH\View\View.php(213): include('APPPATH\\Views\\layout\\index.php')
11 SYSTEMPATH\View\View.php(216): CodeIgniter\View\View->CodeIgniter\View\{closure}()
12 SYSTEMPATH\Common.php(1184): CodeIgniter\View\View->render('layout/index', [], true)
13 APPPATH\Libraries\Template.php(38): view('layout/index', [...])
14 APPPATH\Libraries\Template.php(22): App\Libraries\Template->view('layout/index', [...])
15 APPPATH\Controllers\Estimates.php(610): App\Libraries\Template->rander('estimates/view', [...])
16 SYSTEMPATH\CodeIgniter.php(939): App\Controllers\Estimates->view('16')
17 SYSTEMPATH\CodeIgniter.php(504): CodeIgniter\CodeIgniter->runController(Object(App\Controllers\Estimates))
18 SYSTEMPATH\CodeIgniter.php(369): CodeIgniter\CodeIgniter->handleRequest(null, Object(Config\Cache), false)
19 FCPATH\index.php(80): CodeIgniter\CodeIgniter->run()
CRITICAL - 2024-08-26 13:14:58 --> Argument 2 passed to anchor() must be of the type string, null given, called in E:\httpdocs\www\crm\app\Views\estimates\estimate_status_bar.php on line 10
in SYSTEMPATH\Helpers\url_helper.php on line 251.
 1 APPPATH\Views\estimates\estimate_status_bar.php(10): anchor('https://uniebco.com.br/crm/clients/view/', null)
 2 SYSTEMPATH\View\View.php(213): include('APPPATH\\Views\\estimates\\estimate_status_bar.php')
 3 SYSTEMPATH\View\View.php(216): CodeIgniter\View\View->CodeIgniter\View\{closure}()
 4 SYSTEMPATH\Common.php(1184): CodeIgniter\View\View->render('estimates/estimate_status_bar', [], true)
 5 APPPATH\Views\estimates\view.php(95): view('estimates/estimate_status_bar')
 6 SYSTEMPATH\View\View.php(213): include('APPPATH\\Views\\estimates\\view.php')
 7 SYSTEMPATH\View\View.php(216): CodeIgniter\View\View->CodeIgniter\View\{closure}()
 8 SYSTEMPATH\Common.php(1184): CodeIgniter\View\View->render('estimates/view', [], true)
 9 APPPATH\Views\layout\index.php(49): view('estimates/view')
10 SYSTEMPATH\View\View.php(213): include('APPPATH\\Views\\layout\\index.php')
11 SYSTEMPATH\View\View.php(216): CodeIgniter\View\View->CodeIgniter\View\{closure}()
12 SYSTEMPATH\Common.php(1184): CodeIgniter\View\View->render('layout/index', [], true)
13 APPPATH\Libraries\Template.php(38): view('layout/index', [...])
14 APPPATH\Libraries\Template.php(22): App\Libraries\Template->view('layout/index', [...])
15 APPPATH\Controllers\Estimates.php(610): App\Libraries\Template->rander('estimates/view', [...])
16 SYSTEMPATH\CodeIgniter.php(939): App\Controllers\Estimates->view('16')
17 SYSTEMPATH\CodeIgniter.php(504): CodeIgniter\CodeIgniter->runController(Object(App\Controllers\Estimates))
18 SYSTEMPATH\CodeIgniter.php(369): CodeIgniter\CodeIgniter->handleRequest(null, Object(Config\Cache), false)
19 FCPATH\index.php(80): CodeIgniter\CodeIgniter->run()
CRITICAL - 2024-08-26 13:45:08 --> The action you requested is not allowed.
in SYSTEMPATH\Security\Security.php on line 306.
 1 SYSTEMPATH\Security\Security.php(306): CodeIgniter\Security\Exceptions\SecurityException::forDisallowedAction()
 2 SYSTEMPATH\Filters\CSRF.php(55): CodeIgniter\Security\Security->verify(Object(CodeIgniter\HTTP\IncomingRequest))
 3 SYSTEMPATH\Filters\Filters.php(173): CodeIgniter\Filters\CSRF->before(Object(CodeIgniter\HTTP\IncomingRequest), null)
 4 SYSTEMPATH\CodeIgniter.php(476): CodeIgniter\Filters\Filters->run('/estimates/save', 'before')
 5 SYSTEMPATH\CodeIgniter.php(369): CodeIgniter\CodeIgniter->handleRequest(null, Object(Config\Cache), false)
 6 FCPATH\index.php(80): CodeIgniter\CodeIgniter->run()
CRITICAL - 2024-08-26 13:45:37 --> The action you requested is not allowed.
in SYSTEMPATH\Security\Security.php on line 306.
 1 SYSTEMPATH\Security\Security.php(306): CodeIgniter\Security\Exceptions\SecurityException::forDisallowedAction()
 2 SYSTEMPATH\Filters\CSRF.php(55): CodeIgniter\Security\Security->verify(Object(CodeIgniter\HTTP\IncomingRequest))
 3 SYSTEMPATH\Filters\Filters.php(173): CodeIgniter\Filters\CSRF->before(Object(CodeIgniter\HTTP\IncomingRequest), null)
 4 SYSTEMPATH\CodeIgniter.php(476): CodeIgniter\Filters\Filters->run('/estimates/modal_form', 'before')
 5 SYSTEMPATH\CodeIgniter.php(369): CodeIgniter\CodeIgniter->handleRequest(null, Object(Config\Cache), false)
 6 FCPATH\index.php(80): CodeIgniter\CodeIgniter->run()
CRITICAL - 2024-08-26 13:49:38 --> Argument 2 passed to anchor() must be of the type string, null given, called in E:\httpdocs\www\crm\app\Views\estimates\estimate_status_bar.php on line 10
in SYSTEMPATH\Helpers\url_helper.php on line 251.
 1 APPPATH\Views\estimates\estimate_status_bar.php(10): anchor('https://uniebco.com.br/crm/clients/view/', null)
 2 SYSTEMPATH\View\View.php(213): include('APPPATH\\Views\\estimates\\estimate_status_bar.php')
 3 SYSTEMPATH\View\View.php(216): CodeIgniter\View\View->CodeIgniter\View\{closure}()
 4 SYSTEMPATH\Common.php(1184): CodeIgniter\View\View->render('estimates/estimate_status_bar', [], true)
 5 APPPATH\Views\estimates\view.php(95): view('estimates/estimate_status_bar')
 6 SYSTEMPATH\View\View.php(213): include('APPPATH\\Views\\estimates\\view.php')
 7 SYSTEMPATH\View\View.php(216): CodeIgniter\View\View->CodeIgniter\View\{closure}()
 8 SYSTEMPATH\Common.php(1184): CodeIgniter\View\View->render('estimates/view', [], true)
 9 APPPATH\Views\layout\index.php(49): view('estimates/view')
10 SYSTEMPATH\View\View.php(213): include('APPPATH\\Views\\layout\\index.php')
11 SYSTEMPATH\View\View.php(216): CodeIgniter\View\View->CodeIgniter\View\{closure}()
12 SYSTEMPATH\Common.php(1184): CodeIgniter\View\View->render('layout/index', [], true)
13 APPPATH\Libraries\Template.php(38): view('layout/index', [...])
14 APPPATH\Libraries\Template.php(22): App\Libraries\Template->view('layout/index', [...])
15 APPPATH\Controllers\Estimates.php(610): App\Libraries\Template->rander('estimates/view', [...])
16 SYSTEMPATH\CodeIgniter.php(939): App\Controllers\Estimates->view('16')
17 SYSTEMPATH\CodeIgniter.php(504): CodeIgniter\CodeIgniter->runController(Object(App\Controllers\Estimates))
18 SYSTEMPATH\CodeIgniter.php(369): CodeIgniter\CodeIgniter->handleRequest(null, Object(Config\Cache), false)
19 FCPATH\index.php(80): CodeIgniter\CodeIgniter->run()
