CRITICAL - 2024-06-19 06:39:43 --> scandir(http://localhost/crm/files/timeline_files/estimates/253): failed to open dir: not implemented
in APPPATH\Views\estimates\estimate_public_preview.php on line 266.
 1 [internal function]: CodeIgniter\Debug\Exceptions->errorHandler(2, 'scandir(http://localhost/crm/files/timeline_files/estimates/253): failed to open dir: not implemented', 'APPPATH\\Views\\estimates\\estimate_public_preview.php', 266, [...])
 2 APPPATH\Views\estimates\estimate_public_preview.php(266): scandir('http://localhost/crm/files/timeline_files/estimates/253')
 3 SYSTEMPATH\View\View.php(213): include('APPPATH\\Views\\estimates\\estimate_public_preview.php')
 4 SYSTEMPATH\View\View.php(216): CodeIgniter\View\View->CodeIgniter\View\{closure}()
 5 SYSTEMPATH\Common.php(1184): CodeIgniter\View\View->render('estimates/estimate_public_preview', [], true)
 6 APPPATH\Controllers\Estimate.php(95): view('estimates/estimate_public_preview', [...])
 7 SYSTEMPATH\CodeIgniter.php(939): App\Controllers\Estimate->preview('FCPATH\\253', 'vwGNugSKQp')
 8 SYSTEMPATH\CodeIgniter.php(504): CodeIgniter\CodeIgniter->runController(Object(App\Controllers\Estimate))
 9 SYSTEMPATH\CodeIgniter.php(369): CodeIgniter\CodeIgniter->handleRequest(null, Object(Config\Cache), false)
10 FCPATH\index.php(80): CodeIgniter\CodeIgniter->run()
CRITICAL - 2024-06-19 06:40:17 --> opendir(http://localhost/crm/files/timeline_files/estimates/253): failed to open dir: not implemented
in APPPATH\Views\estimates\estimate_public_preview.php on line 266.
 1 [internal function]: CodeIgniter\Debug\Exceptions->errorHandler(2, 'opendir(http://localhost/crm/files/timeline_files/estimates/253): failed to open dir: not implemented', 'APPPATH\\Views\\estimates\\estimate_public_preview.php', 266, [...])
 2 APPPATH\Views\estimates\estimate_public_preview.php(266): opendir('http://localhost/crm/files/timeline_files/estimates/253')
 3 SYSTEMPATH\View\View.php(213): include('APPPATH\\Views\\estimates\\estimate_public_preview.php')
 4 SYSTEMPATH\View\View.php(216): CodeIgniter\View\View->CodeIgniter\View\{closure}()
 5 SYSTEMPATH\Common.php(1184): CodeIgniter\View\View->render('estimates/estimate_public_preview', [], true)
 6 APPPATH\Controllers\Estimate.php(95): view('estimates/estimate_public_preview', [...])
 7 SYSTEMPATH\CodeIgniter.php(939): App\Controllers\Estimate->preview('FCPATH\\253', 'vwGNugSKQp')
 8 SYSTEMPATH\CodeIgniter.php(504): CodeIgniter\CodeIgniter->runController(Object(App\Controllers\Estimate))
 9 SYSTEMPATH\CodeIgniter.php(369): CodeIgniter\CodeIgniter->handleRequest(null, Object(Config\Cache), false)
10 FCPATH\index.php(80): CodeIgniter\CodeIgniter->run()
CRITICAL - 2024-06-19 06:41:02 --> getcwd() expects exactly 0 parameters, 1 given
in APPPATH\Views\estimates\estimate_public_preview.php on line 266.
 1 [internal function]: CodeIgniter\Debug\Exceptions->errorHandler(2, 'getcwd() expects exactly 0 parameters, 1 given', 'APPPATH\\Views\\estimates\\estimate_public_preview.php', 266, [...])
 2 APPPATH\Views\estimates\estimate_public_preview.php(266): getcwd('FCPATH\\files\\timeline_files\\estimates\\253')
 3 SYSTEMPATH\View\View.php(213): include('APPPATH\\Views\\estimates\\estimate_public_preview.php')
 4 SYSTEMPATH\View\View.php(216): CodeIgniter\View\View->CodeIgniter\View\{closure}()
 5 SYSTEMPATH\Common.php(1184): CodeIgniter\View\View->render('estimates/estimate_public_preview', [], true)
 6 APPPATH\Controllers\Estimate.php(95): view('estimates/estimate_public_preview', [...])
 7 SYSTEMPATH\CodeIgniter.php(939): App\Controllers\Estimate->preview('FCPATH\\253', 'vwGNugSKQp')
 8 SYSTEMPATH\CodeIgniter.php(504): CodeIgniter\CodeIgniter->runController(Object(App\Controllers\Estimate))
 9 SYSTEMPATH\CodeIgniter.php(369): CodeIgniter\CodeIgniter->handleRequest(null, Object(Config\Cache), false)
10 FCPATH\index.php(80): CodeIgniter\CodeIgniter->run()
CRITICAL - 2024-06-19 06:41:03 --> getcwd() expects exactly 0 parameters, 1 given
in APPPATH\Views\estimates\estimate_public_preview.php on line 266.
 1 [internal function]: CodeIgniter\Debug\Exceptions->errorHandler(2, 'getcwd() expects exactly 0 parameters, 1 given', 'APPPATH\\Views\\estimates\\estimate_public_preview.php', 266, [...])
 2 APPPATH\Views\estimates\estimate_public_preview.php(266): getcwd('FCPATH\\files\\timeline_files\\estimates\\253')
 3 SYSTEMPATH\View\View.php(213): include('APPPATH\\Views\\estimates\\estimate_public_preview.php')
 4 SYSTEMPATH\View\View.php(216): CodeIgniter\View\View->CodeIgniter\View\{closure}()
 5 SYSTEMPATH\Common.php(1184): CodeIgniter\View\View->render('estimates/estimate_public_preview', [], true)
 6 APPPATH\Controllers\Estimate.php(95): view('estimates/estimate_public_preview', [...])
 7 SYSTEMPATH\CodeIgniter.php(939): App\Controllers\Estimate->preview('FCPATH\\253', 'vwGNugSKQp')
 8 SYSTEMPATH\CodeIgniter.php(504): CodeIgniter\CodeIgniter->runController(Object(App\Controllers\Estimate))
 9 SYSTEMPATH\CodeIgniter.php(369): CodeIgniter\CodeIgniter->handleRequest(null, Object(Config\Cache), false)
10 FCPATH\index.php(80): CodeIgniter\CodeIgniter->run()
CRITICAL - 2024-06-19 06:41:04 --> getcwd() expects exactly 0 parameters, 1 given
in APPPATH\Views\estimates\estimate_public_preview.php on line 266.
 1 [internal function]: CodeIgniter\Debug\Exceptions->errorHandler(2, 'getcwd() expects exactly 0 parameters, 1 given', 'APPPATH\\Views\\estimates\\estimate_public_preview.php', 266, [...])
 2 APPPATH\Views\estimates\estimate_public_preview.php(266): getcwd('FCPATH\\files\\timeline_files\\estimates\\253')
 3 SYSTEMPATH\View\View.php(213): include('APPPATH\\Views\\estimates\\estimate_public_preview.php')
 4 SYSTEMPATH\View\View.php(216): CodeIgniter\View\View->CodeIgniter\View\{closure}()
 5 SYSTEMPATH\Common.php(1184): CodeIgniter\View\View->render('estimates/estimate_public_preview', [], true)
 6 APPPATH\Controllers\Estimate.php(95): view('estimates/estimate_public_preview', [...])
 7 SYSTEMPATH\CodeIgniter.php(939): App\Controllers\Estimate->preview('FCPATH\\253', 'vwGNugSKQp')
 8 SYSTEMPATH\CodeIgniter.php(504): CodeIgniter\CodeIgniter->runController(Object(App\Controllers\Estimate))
 9 SYSTEMPATH\CodeIgniter.php(369): CodeIgniter\CodeIgniter->handleRequest(null, Object(Config\Cache), false)
10 FCPATH\index.php(80): CodeIgniter\CodeIgniter->run()
CRITICAL - 2024-06-19 06:55:53 --> scandir(./files/timeline_files/estimates/320,./files/timeline_files/estimates/320): O sistema não pode encontrar o arquivo especificado. (code: 2)
in APPPATH\Views\estimates\estimate_status_bar.php on line 40.
 1 [internal function]: CodeIgniter\Debug\Exceptions->errorHandler(2, 'scandir(./files/timeline_files/estimates/320,./files/timeline_files/estimates/320): O sistema não pode encontrar o arquivo especificado. (code: 2)', 'APPPATH\\Views\\estimates\\estimate_status_bar.php', 40, [...])
 2 APPPATH\Views\estimates\estimate_status_bar.php(40): scandir('./files/timeline_files/estimates/320')
 3 SYSTEMPATH\View\View.php(213): include('APPPATH\\Views\\estimates\\estimate_status_bar.php')
 4 SYSTEMPATH\View\View.php(216): CodeIgniter\View\View->CodeIgniter\View\{closure}()
 5 SYSTEMPATH\Common.php(1184): CodeIgniter\View\View->render('estimates/estimate_status_bar', [], true)
 6 APPPATH\Views\estimates\view.php(76): view('estimates/estimate_status_bar')
 7 SYSTEMPATH\View\View.php(213): include('APPPATH\\Views\\estimates\\view.php')
 8 SYSTEMPATH\View\View.php(216): CodeIgniter\View\View->CodeIgniter\View\{closure}()
 9 SYSTEMPATH\Common.php(1184): CodeIgniter\View\View->render('estimates/view', [], true)
10 APPPATH\Views\layout\index.php(49): view('estimates/view')
11 SYSTEMPATH\View\View.php(213): include('APPPATH\\Views\\layout\\index.php')
12 SYSTEMPATH\View\View.php(216): CodeIgniter\View\View->CodeIgniter\View\{closure}()
13 SYSTEMPATH\Common.php(1184): CodeIgniter\View\View->render('layout/index', [], true)
14 APPPATH\Libraries\Template.php(38): view('layout/index', [...])
15 APPPATH\Libraries\Template.php(22): App\Libraries\Template->view('layout/index', [...])
16 APPPATH\Controllers\Estimates.php(599): App\Libraries\Template->rander('estimates/view', [...])
17 SYSTEMPATH\CodeIgniter.php(939): App\Controllers\Estimates->view('320')
18 SYSTEMPATH\CodeIgniter.php(504): CodeIgniter\CodeIgniter->runController(Object(App\Controllers\Estimates))
19 SYSTEMPATH\CodeIgniter.php(369): CodeIgniter\CodeIgniter->handleRequest(null, Object(Config\Cache), false)
20 FCPATH\index.php(80): CodeIgniter\CodeIgniter->run()
CRITICAL - 2024-06-19 06:56:33 --> scandir(./files/timeline_files/estimates/320,./files/timeline_files/estimates/320): O sistema não pode encontrar o arquivo especificado. (code: 2)
in APPPATH\Views\estimates\estimate_status_bar.php on line 40.
 1 [internal function]: CodeIgniter\Debug\Exceptions->errorHandler(2, 'scandir(./files/timeline_files/estimates/320,./files/timeline_files/estimates/320): O sistema não pode encontrar o arquivo especificado. (code: 2)', 'APPPATH\\Views\\estimates\\estimate_status_bar.php', 40, [...])
 2 APPPATH\Views\estimates\estimate_status_bar.php(40): scandir('./files/timeline_files/estimates/320')
 3 SYSTEMPATH\View\View.php(213): include('APPPATH\\Views\\estimates\\estimate_status_bar.php')
 4 SYSTEMPATH\View\View.php(216): CodeIgniter\View\View->CodeIgniter\View\{closure}()
 5 SYSTEMPATH\Common.php(1184): CodeIgniter\View\View->render('estimates/estimate_status_bar', [], true)
 6 APPPATH\Views\estimates\view.php(76): view('estimates/estimate_status_bar')
 7 SYSTEMPATH\View\View.php(213): include('APPPATH\\Views\\estimates\\view.php')
 8 SYSTEMPATH\View\View.php(216): CodeIgniter\View\View->CodeIgniter\View\{closure}()
 9 SYSTEMPATH\Common.php(1184): CodeIgniter\View\View->render('estimates/view', [], true)
10 APPPATH\Views\layout\index.php(49): view('estimates/view')
11 SYSTEMPATH\View\View.php(213): include('APPPATH\\Views\\layout\\index.php')
12 SYSTEMPATH\View\View.php(216): CodeIgniter\View\View->CodeIgniter\View\{closure}()
13 SYSTEMPATH\Common.php(1184): CodeIgniter\View\View->render('layout/index', [], true)
14 APPPATH\Libraries\Template.php(38): view('layout/index', [...])
15 APPPATH\Libraries\Template.php(22): App\Libraries\Template->view('layout/index', [...])
16 APPPATH\Controllers\Estimates.php(599): App\Libraries\Template->rander('estimates/view', [...])
17 SYSTEMPATH\CodeIgniter.php(939): App\Controllers\Estimates->view('320')
18 SYSTEMPATH\CodeIgniter.php(504): CodeIgniter\CodeIgniter->runController(Object(App\Controllers\Estimates))
19 SYSTEMPATH\CodeIgniter.php(369): CodeIgniter\CodeIgniter->handleRequest(null, Object(Config\Cache), false)
20 FCPATH\index.php(80): CodeIgniter\CodeIgniter->run()
CRITICAL - 2024-06-19 06:57:05 --> scandir(./files/timeline_files/estimates/320,./files/timeline_files/estimates/320): O sistema não pode encontrar o arquivo especificado. (code: 2)
in APPPATH\Views\estimates\estimate_status_bar.php on line 40.
 1 [internal function]: CodeIgniter\Debug\Exceptions->errorHandler(2, 'scandir(./files/timeline_files/estimates/320,./files/timeline_files/estimates/320): O sistema não pode encontrar o arquivo especificado. (code: 2)', 'APPPATH\\Views\\estimates\\estimate_status_bar.php', 40, [...])
 2 APPPATH\Views\estimates\estimate_status_bar.php(40): scandir('./files/timeline_files/estimates/320')
 3 SYSTEMPATH\View\View.php(213): include('APPPATH\\Views\\estimates\\estimate_status_bar.php')
 4 SYSTEMPATH\View\View.php(216): CodeIgniter\View\View->CodeIgniter\View\{closure}()
 5 SYSTEMPATH\Common.php(1184): CodeIgniter\View\View->render('estimates/estimate_status_bar', [], true)
 6 APPPATH\Views\estimates\view.php(76): view('estimates/estimate_status_bar')
 7 SYSTEMPATH\View\View.php(213): include('APPPATH\\Views\\estimates\\view.php')
 8 SYSTEMPATH\View\View.php(216): CodeIgniter\View\View->CodeIgniter\View\{closure}()
 9 SYSTEMPATH\Common.php(1184): CodeIgniter\View\View->render('estimates/view', [], true)
10 APPPATH\Views\layout\index.php(49): view('estimates/view')
11 SYSTEMPATH\View\View.php(213): include('APPPATH\\Views\\layout\\index.php')
12 SYSTEMPATH\View\View.php(216): CodeIgniter\View\View->CodeIgniter\View\{closure}()
13 SYSTEMPATH\Common.php(1184): CodeIgniter\View\View->render('layout/index', [], true)
14 APPPATH\Libraries\Template.php(38): view('layout/index', [...])
15 APPPATH\Libraries\Template.php(22): App\Libraries\Template->view('layout/index', [...])
16 APPPATH\Controllers\Estimates.php(599): App\Libraries\Template->rander('estimates/view', [...])
17 SYSTEMPATH\CodeIgniter.php(939): App\Controllers\Estimates->view('320')
18 SYSTEMPATH\CodeIgniter.php(504): CodeIgniter\CodeIgniter->runController(Object(App\Controllers\Estimates))
19 SYSTEMPATH\CodeIgniter.php(369): CodeIgniter\CodeIgniter->handleRequest(null, Object(Config\Cache), false)
20 FCPATH\index.php(80): CodeIgniter\CodeIgniter->run()
CRITICAL - 2024-06-19 07:07:05 --> Illegal string offset 'data-act'
in APPPATH\Helpers\general_helper.php on line 204.
 1 APPPATH\Helpers\general_helper.php(204): CodeIgniter\Debug\Exceptions->errorHandler(2, 'Illegal string offset \'data-act\'', 'APPPATH\\Helpers\\general_helper.php', 204, [...])
 2 APPPATH\Views\estimates\estimate_status_bar.php(46): ajax_anchor('http://localhost/crm/estimate/delete_file/253/estimate_file6672c9e60d818-Proposta-209--44-.pdf', '<i data-feather="trash" class="icon-16"></i> Excluir')
 3 SYSTEMPATH\View\View.php(213): include('APPPATH\\Views\\estimates\\estimate_status_bar.php')
 4 SYSTEMPATH\View\View.php(216): CodeIgniter\View\View->CodeIgniter\View\{closure}()
 5 SYSTEMPATH\Common.php(1184): CodeIgniter\View\View->render('estimates/estimate_status_bar', [], true)
 6 APPPATH\Views\estimates\view.php(76): view('estimates/estimate_status_bar')
 7 SYSTEMPATH\View\View.php(213): include('APPPATH\\Views\\estimates\\view.php')
 8 SYSTEMPATH\View\View.php(216): CodeIgniter\View\View->CodeIgniter\View\{closure}()
 9 SYSTEMPATH\Common.php(1184): CodeIgniter\View\View->render('estimates/view', [], true)
10 APPPATH\Views\layout\index.php(49): view('estimates/view')
11 SYSTEMPATH\View\View.php(213): include('APPPATH\\Views\\layout\\index.php')
12 SYSTEMPATH\View\View.php(216): CodeIgniter\View\View->CodeIgniter\View\{closure}()
13 SYSTEMPATH\Common.php(1184): CodeIgniter\View\View->render('layout/index', [], true)
14 APPPATH\Libraries\Template.php(38): view('layout/index', [...])
15 APPPATH\Libraries\Template.php(22): App\Libraries\Template->view('layout/index', [...])
16 APPPATH\Controllers\Estimates.php(599): App\Libraries\Template->rander('estimates/view', [...])
17 SYSTEMPATH\CodeIgniter.php(939): App\Controllers\Estimates->view('FCPATH\\253')
18 SYSTEMPATH\CodeIgniter.php(504): CodeIgniter\CodeIgniter->runController(Object(App\Controllers\Estimates))
19 SYSTEMPATH\CodeIgniter.php(369): CodeIgniter\CodeIgniter->handleRequest(null, Object(Config\Cache), false)
20 FCPATH\index.php(80): CodeIgniter\CodeIgniter->run()
CRITICAL - 2024-06-19 07:30:27 --> Undefined variable: estimate_info
in APPPATH\Views\estimates\estimate_public_preview.php on line 242.
 1 APPPATH\Views\estimates\estimate_public_preview.php(242): CodeIgniter\Debug\Exceptions->errorHandler(8, 'Undefined variable: estimate_info', 'APPPATH\\Views\\estimates\\estimate_public_preview.php', 242, [...])
 2 SYSTEMPATH\View\View.php(213): include('APPPATH\\Views\\estimates\\estimate_public_preview.php')
 3 SYSTEMPATH\View\View.php(216): CodeIgniter\View\View->CodeIgniter\View\{closure}()
 4 SYSTEMPATH\Common.php(1184): CodeIgniter\View\View->render('estimates/estimate_public_preview', [], true)
 5 APPPATH\Controllers\Estimate.php(96): view('estimates/estimate_public_preview', [...])
 6 SYSTEMPATH\CodeIgniter.php(939): App\Controllers\Estimate->preview('FCPATH\\253', 'vwGNugSKQp')
 7 SYSTEMPATH\CodeIgniter.php(504): CodeIgniter\CodeIgniter->runController(Object(App\Controllers\Estimate))
 8 SYSTEMPATH\CodeIgniter.php(369): CodeIgniter\CodeIgniter->handleRequest(null, Object(Config\Cache), false)
 9 FCPATH\index.php(80): CodeIgniter\CodeIgniter->run()
CRITICAL - 2024-06-19 07:31:09 --> Undefined variable: estimate_info
in APPPATH\Views\estimates\estimate_public_preview.php on line 242.
 1 APPPATH\Views\estimates\estimate_public_preview.php(242): CodeIgniter\Debug\Exceptions->errorHandler(8, 'Undefined variable: estimate_info', 'APPPATH\\Views\\estimates\\estimate_public_preview.php', 242, [...])
 2 SYSTEMPATH\View\View.php(213): include('APPPATH\\Views\\estimates\\estimate_public_preview.php')
 3 SYSTEMPATH\View\View.php(216): CodeIgniter\View\View->CodeIgniter\View\{closure}()
 4 SYSTEMPATH\Common.php(1184): CodeIgniter\View\View->render('estimates/estimate_public_preview', [], true)
 5 APPPATH\Controllers\Estimate.php(96): view('estimates/estimate_public_preview', [...])
 6 SYSTEMPATH\CodeIgniter.php(939): App\Controllers\Estimate->preview('FCPATH\\253', 'vwGNugSKQp')
 7 SYSTEMPATH\CodeIgniter.php(504): CodeIgniter\CodeIgniter->runController(Object(App\Controllers\Estimate))
 8 SYSTEMPATH\CodeIgniter.php(369): CodeIgniter\CodeIgniter->handleRequest(null, Object(Config\Cache), false)
 9 FCPATH\index.php(80): CodeIgniter\CodeIgniter->run()
CRITICAL - 2024-06-19 07:31:55 --> Trying to get property 'estimate_date' of non-object
in APPPATH\Views\estimates\estimate_public_preview.php on line 242.
 1 APPPATH\Views\estimates\estimate_public_preview.php(242): CodeIgniter\Debug\Exceptions->errorHandler(8, 'Trying to get property \'estimate_date\' of non-object', 'APPPATH\\Views\\estimates\\estimate_public_preview.php', 242, [...])
 2 SYSTEMPATH\View\View.php(213): include('APPPATH\\Views\\estimates\\estimate_public_preview.php')
 3 SYSTEMPATH\View\View.php(216): CodeIgniter\View\View->CodeIgniter\View\{closure}()
 4 SYSTEMPATH\Common.php(1184): CodeIgniter\View\View->render('estimates/estimate_public_preview', [], true)
 5 APPPATH\Controllers\Estimate.php(97): view('estimates/estimate_public_preview', [...])
 6 SYSTEMPATH\CodeIgniter.php(939): App\Controllers\Estimate->preview('FCPATH\\253', 'vwGNugSKQp')
 7 SYSTEMPATH\CodeIgniter.php(504): CodeIgniter\CodeIgniter->runController(Object(App\Controllers\Estimate))
 8 SYSTEMPATH\CodeIgniter.php(369): CodeIgniter\CodeIgniter->handleRequest(null, Object(Config\Cache), false)
 9 FCPATH\index.php(80): CodeIgniter\CodeIgniter->run()
