CRITICAL - 2024-02-05 08:00:20 --> The action you requested is not allowed.
in SYSTEMPATH\Security\Security.php on line 306.
 1 SYSTEMPATH\Security\Security.php(306): CodeIgniter\Security\Exceptions\SecurityException::forDisallowedAction()
 2 SYSTEMPATH\Filters\CSRF.php(55): CodeIgniter\Security\Security->verify(Object(CodeIgniter\HTTP\IncomingRequest))
 3 SYSTEMPATH\Filters\Filters.php(173): CodeIgniter\Filters\CSRF->before(Object(CodeIgniter\HTTP\IncomingRequest), null)
 4 SYSTEMPATH\CodeIgniter.php(473): CodeIgniter\Filters\Filters->run('/leads/list_data', 'before')
 5 SYSTEMPATH\CodeIgniter.php(368): CodeIgniter\CodeIgniter->handleRequest(null, Object(Config\Cache), false)
 6 FCPATH\index.php(80): CodeIgniter\CodeIgniter->run()
CRITICAL - 2024-02-05 10:15:46 --> The action you requested is not allowed.
in SYSTEMPATH\Security\Security.php on line 306.
 1 SYSTEMPATH\Security\Security.php(306): CodeIgniter\Security\Exceptions\SecurityException::forDisallowedAction()
 2 SYSTEMPATH\Filters\CSRF.php(55): CodeIgniter\Security\Security->verify(Object(CodeIgniter\HTTP\IncomingRequest))
 3 SYSTEMPATH\Filters\Filters.php(173): CodeIgniter\Filters\CSRF->before(Object(CodeIgniter\HTTP\IncomingRequest), null)
 4 SYSTEMPATH\CodeIgniter.php(473): CodeIgniter\Filters\Filters->run('/leads/modal_form', 'before')
 5 SYSTEMPATH\CodeIgniter.php(368): CodeIgniter\CodeIgniter->handleRequest(null, Object(Config\Cache), false)
 6 FCPATH\index.php(80): CodeIgniter\CodeIgniter->run()
CRITICAL - 2024-02-05 12:19:15 --> The action you requested is not allowed.
in SYSTEMPATH\Security\Security.php on line 306.
 1 SYSTEMPATH\Security\Security.php(306): CodeIgniter\Security\Exceptions\SecurityException::forDisallowedAction()
 2 SYSTEMPATH\Filters\CSRF.php(55): CodeIgniter\Security\Security->verify(Object(CodeIgniter\HTTP\IncomingRequest))
 3 SYSTEMPATH\Filters\Filters.php(173): CodeIgniter\Filters\CSRF->before(Object(CodeIgniter\HTTP\IncomingRequest), null)
 4 SYSTEMPATH\CodeIgniter.php(473): CodeIgniter\Filters\Filters->run('/leads/save', 'before')
 5 SYSTEMPATH\CodeIgniter.php(368): CodeIgniter\CodeIgniter->handleRequest(null, Object(Config\Cache), false)
 6 FCPATH\index.php(80): CodeIgniter\CodeIgniter->run()
ERROR - 2024-02-05 12:38:25 --> mysqli_sql_exception: Unknown column 'crm_estimates.estimate_date' in 'where clause' in E:\httpdocs\www\crm\system\Database\MySQLi\Connection.php:295
Stack trace:
#0 E:\httpdocs\www\crm\system\Database\MySQLi\Connection.php(295): mysqli->query('SELECT \r\n      ...', 0)
#1 E:\httpdocs\www\crm\system\Database\BaseConnection.php(691): CodeIgniter\Database\MySQLi\Connection->execute('SELECT \r\n      ...')
#2 E:\httpdocs\www\crm\system\Database\BaseConnection.php(605): CodeIgniter\Database\BaseConnection->simpleQuery('SELECT \r\n      ...')
#3 E:\httpdocs\www\crm\app\Models\Users_model.php(535): CodeIgniter\Database\BaseConnection->query('SELECT \r\n      ...')
#4 E:\httpdocs\www\crm\app\Helpers\widget_helper.php(1936): App\Models\Users_model->get_conversion_sellers(Array, false, '2024-01-01', '2024-01-31')
#5 E:\httpdocs\www\crm\app\Controllers\Dashboard.php(1233): sellers_conversions_overview_widget()
#6 E:\httpdocs\www\crm\app\Controllers\Dashboard.php(1104): App\Controllers\Dashboard->_get_widgets_for_staffs('sellers_convers...', Array)
#7 E:\httpdocs\www\crm\app\Controllers\Dashboard.php(1081): App\Controllers\Dashboard->_make_dashboard_widgets('sellers_convers...')
#8 E:\httpdocs\www\crm\app\Controllers\Dashboard.php(437): App\Controllers\Dashboard->make_dashboard(Array)
#9 E:\httpdocs\www\crm\app\Controllers\Dashboard.php(38): App\Controllers\Dashboard->view('1')
#10 E:\httpdocs\www\crm\system\CodeIgniter.php(934): App\Controllers\Dashboard->index()
#11 E:\httpdocs\www\crm\system\CodeIgniter.php(499): CodeIgniter\CodeIgniter->runController(Object(App\Controllers\Dashboard))
#12 E:\httpdocs\www\crm\system\CodeIgniter.php(368): CodeIgniter\CodeIgniter->handleRequest(NULL, Object(Config\Cache), false)
#13 E:\httpdocs\www\crm\index.php(80): CodeIgniter\CodeIgniter->run()
#14 {main}
CRITICAL - 2024-02-05 12:38:25 --> Unknown column 'crm_estimates.estimate_date' in 'where clause'
in SYSTEMPATH\Database\BaseConnection.php on line 645.
 1 APPPATH\Models\Users_model.php(535): CodeIgniter\Database\BaseConnection->query('SELECT 
                    crm_users.id,
                    crm_users.first_name, 
                    crm_users.last_name, 
                    COALESCE(SUM(estimate_value), 0) AS total_sells,
                    \'Propostas\' AS type
            FROM crm_estimates
                INNER JOIN crm_clients ON crm_clients.id = crm_estimates.client_id
                INNER JOIN crm_users ON crm_users.id = crm_clients.owner_id
                LEFT JOIN crm_custom_fields ON crm_custom_fields.related_to = \'estimates\' AND crm_custom_fields.placeholder = \'Valor Estimado\'
                LEFT JOIN crm_custom_field_values ON crm_custom_field_values.custom_field_id = crm_custom_fields.id AND crm_custom_field_values.related_to_id = crm_estimates.id
                LEFT JOIN (SELECT estimate_id, SUM(total) AS estimate_value FROM crm_estimate_items WHERE deleted=0 GROUP BY estimate_id) AS items_table ON items_table.estimate_id = crm_estimates.id 
            WHERE crm_users.deleted=0 AND crm_users.status=\'active\'  AND crm_users.role_id IN (6, 8, 9, 10) AND crm_estimates.estimate_date BETWEEN \'2024-01-01\' and \'2024-01-31\'
            GROUP BY crm_users.id
        UNION ALL
            SELECT 
                crm_users.id,
                crm_users.first_name, 
                crm_users.last_name, 
                COALESCE(SUM(crm_projects.price), 0) AS total_sells, 
                \'Vendas\' AS type
            FROM crm_projects
                INNER JOIN crm_clients ON crm_clients.id = crm_projects.client_id
                INNER JOIN crm_users ON crm_users.id = crm_clients.owner_id
            WHERE crm_users.deleted=0 AND crm_users.status=\'active\'  AND crm_users.role_id IN (6, 8, 9, 10) AND crm_estimates.estimate_date BETWEEN \'2024-01-01\' and \'2024-01-31\'
            GROUP BY crm_users.id
        ')
 2 APPPATH\Helpers\widget_helper.php(1936): App\Models\Users_model->get_conversion_sellers([...], false, '2024-01-01', '2024-01-31')
 3 APPPATH\Controllers\Dashboard.php(1233): sellers_conversions_overview_widget()
 4 APPPATH\Controllers\Dashboard.php(1104): App\Controllers\Dashboard->_get_widgets_for_staffs('sellers_conversions_overview', [...])
 5 APPPATH\Controllers\Dashboard.php(1081): App\Controllers\Dashboard->_make_dashboard_widgets('sellers_conversions_overview')
 6 APPPATH\Controllers\Dashboard.php(437): App\Controllers\Dashboard->make_dashboard([...])
 7 APPPATH\Controllers\Dashboard.php(38): App\Controllers\Dashboard->view('1')
 8 SYSTEMPATH\CodeIgniter.php(934): App\Controllers\Dashboard->index()
 9 SYSTEMPATH\CodeIgniter.php(499): CodeIgniter\CodeIgniter->runController(Object(App\Controllers\Dashboard))
10 SYSTEMPATH\CodeIgniter.php(368): CodeIgniter\CodeIgniter->handleRequest(null, Object(Config\Cache), false)
11 FCPATH\index.php(80): CodeIgniter\CodeIgniter->run()
ERROR - 2024-02-05 12:38:38 --> mysqli_sql_exception: Unknown column 'crm_estimates.estimate_date' in 'where clause' in E:\httpdocs\www\crm\system\Database\MySQLi\Connection.php:295
Stack trace:
#0 E:\httpdocs\www\crm\system\Database\MySQLi\Connection.php(295): mysqli->query('SELECT \r\n      ...', 0)
#1 E:\httpdocs\www\crm\system\Database\BaseConnection.php(691): CodeIgniter\Database\MySQLi\Connection->execute('SELECT \r\n      ...')
#2 E:\httpdocs\www\crm\system\Database\BaseConnection.php(605): CodeIgniter\Database\BaseConnection->simpleQuery('SELECT \r\n      ...')
#3 E:\httpdocs\www\crm\app\Models\Users_model.php(535): CodeIgniter\Database\BaseConnection->query('SELECT \r\n      ...')
#4 E:\httpdocs\www\crm\app\Helpers\widget_helper.php(1936): App\Models\Users_model->get_conversion_sellers(Array, false, '2024-01-01', '2024-01-31')
#5 E:\httpdocs\www\crm\app\Controllers\Dashboard.php(1233): sellers_conversions_overview_widget()
#6 E:\httpdocs\www\crm\app\Controllers\Dashboard.php(1104): App\Controllers\Dashboard->_get_widgets_for_staffs('sellers_convers...', Array)
#7 E:\httpdocs\www\crm\app\Controllers\Dashboard.php(1081): App\Controllers\Dashboard->_make_dashboard_widgets('sellers_convers...')
#8 E:\httpdocs\www\crm\app\Controllers\Dashboard.php(437): App\Controllers\Dashboard->make_dashboard(Array)
#9 E:\httpdocs\www\crm\app\Controllers\Dashboard.php(38): App\Controllers\Dashboard->view('1')
#10 E:\httpdocs\www\crm\system\CodeIgniter.php(934): App\Controllers\Dashboard->index()
#11 E:\httpdocs\www\crm\system\CodeIgniter.php(499): CodeIgniter\CodeIgniter->runController(Object(App\Controllers\Dashboard))
#12 E:\httpdocs\www\crm\system\CodeIgniter.php(368): CodeIgniter\CodeIgniter->handleRequest(NULL, Object(Config\Cache), false)
#13 E:\httpdocs\www\crm\index.php(80): CodeIgniter\CodeIgniter->run()
#14 {main}
CRITICAL - 2024-02-05 12:38:38 --> Unknown column 'crm_estimates.estimate_date' in 'where clause'
in SYSTEMPATH\Database\BaseConnection.php on line 645.
 1 APPPATH\Models\Users_model.php(535): CodeIgniter\Database\BaseConnection->query('SELECT 
                    crm_users.id,
                    crm_users.first_name, 
                    crm_users.last_name, 
                    COALESCE(SUM(estimate_value), 0) AS total_sells,
                    \'Propostas\' AS type
            FROM crm_estimates
                INNER JOIN crm_clients ON crm_clients.id = crm_estimates.client_id
                INNER JOIN crm_users ON crm_users.id = crm_clients.owner_id
                LEFT JOIN crm_custom_fields ON crm_custom_fields.related_to = \'estimates\' AND crm_custom_fields.placeholder = \'Valor Estimado\'
                LEFT JOIN crm_custom_field_values ON crm_custom_field_values.custom_field_id = crm_custom_fields.id AND crm_custom_field_values.related_to_id = crm_estimates.id
                LEFT JOIN (SELECT estimate_id, SUM(total) AS estimate_value FROM crm_estimate_items WHERE deleted=0 GROUP BY estimate_id) AS items_table ON items_table.estimate_id = crm_estimates.id 
            WHERE crm_users.deleted=0 AND crm_users.status=\'active\'  AND crm_users.role_id IN (6, 8, 9, 10) AND crm_estimates.estimate_date BETWEEN \'2024-01-01\' and \'2024-01-31\'
            GROUP BY crm_users.id
        UNION ALL
            SELECT 
                crm_users.id,
                crm_users.first_name, 
                crm_users.last_name, 
                COALESCE(SUM(crm_projects.price), 0) AS total_sells, 
                \'Vendas\' AS type
            FROM crm_projects
                INNER JOIN crm_clients ON crm_clients.id = crm_projects.client_id
                INNER JOIN crm_users ON crm_users.id = crm_clients.owner_id
            WHERE crm_users.deleted=0 AND crm_users.status=\'active\'  AND crm_users.role_id IN (6, 8, 9, 10) AND crm_estimates.estimate_date BETWEEN \'2024-01-01\' and \'2024-01-31\'
            GROUP BY crm_users.id
        ')
 2 APPPATH\Helpers\widget_helper.php(1936): App\Models\Users_model->get_conversion_sellers([...], false, '2024-01-01', '2024-01-31')
 3 APPPATH\Controllers\Dashboard.php(1233): sellers_conversions_overview_widget()
 4 APPPATH\Controllers\Dashboard.php(1104): App\Controllers\Dashboard->_get_widgets_for_staffs('sellers_conversions_overview', [...])
 5 APPPATH\Controllers\Dashboard.php(1081): App\Controllers\Dashboard->_make_dashboard_widgets('sellers_conversions_overview')
 6 APPPATH\Controllers\Dashboard.php(437): App\Controllers\Dashboard->make_dashboard([...])
 7 APPPATH\Controllers\Dashboard.php(38): App\Controllers\Dashboard->view('1')
 8 SYSTEMPATH\CodeIgniter.php(934): App\Controllers\Dashboard->index()
 9 SYSTEMPATH\CodeIgniter.php(499): CodeIgniter\CodeIgniter->runController(Object(App\Controllers\Dashboard))
10 SYSTEMPATH\CodeIgniter.php(368): CodeIgniter\CodeIgniter->handleRequest(null, Object(Config\Cache), false)
11 FCPATH\index.php(80): CodeIgniter\CodeIgniter->run()
ERROR - 2024-02-05 12:39:41 --> mysqli_sql_exception: Unknown column 'crm_estimates.estimate_date' in 'where clause' in E:\httpdocs\www\crm\system\Database\MySQLi\Connection.php:295
Stack trace:
#0 E:\httpdocs\www\crm\system\Database\MySQLi\Connection.php(295): mysqli->query('SELECT \r\n      ...', 0)
#1 E:\httpdocs\www\crm\system\Database\BaseConnection.php(691): CodeIgniter\Database\MySQLi\Connection->execute('SELECT \r\n      ...')
#2 E:\httpdocs\www\crm\system\Database\BaseConnection.php(605): CodeIgniter\Database\BaseConnection->simpleQuery('SELECT \r\n      ...')
#3 E:\httpdocs\www\crm\app\Models\Users_model.php(535): CodeIgniter\Database\BaseConnection->query('SELECT \r\n      ...')
#4 E:\httpdocs\www\crm\app\Helpers\widget_helper.php(1936): App\Models\Users_model->get_conversion_sellers(Array, false, '2024-01-01', '2024-01-31')
#5 E:\httpdocs\www\crm\app\Controllers\Dashboard.php(1233): sellers_conversions_overview_widget()
#6 E:\httpdocs\www\crm\app\Controllers\Dashboard.php(1104): App\Controllers\Dashboard->_get_widgets_for_staffs('sellers_convers...', Array)
#7 E:\httpdocs\www\crm\app\Controllers\Dashboard.php(1081): App\Controllers\Dashboard->_make_dashboard_widgets('sellers_convers...')
#8 E:\httpdocs\www\crm\app\Controllers\Dashboard.php(437): App\Controllers\Dashboard->make_dashboard(Array)
#9 E:\httpdocs\www\crm\app\Controllers\Dashboard.php(38): App\Controllers\Dashboard->view('1')
#10 E:\httpdocs\www\crm\system\CodeIgniter.php(934): App\Controllers\Dashboard->index()
#11 E:\httpdocs\www\crm\system\CodeIgniter.php(499): CodeIgniter\CodeIgniter->runController(Object(App\Controllers\Dashboard))
#12 E:\httpdocs\www\crm\system\CodeIgniter.php(368): CodeIgniter\CodeIgniter->handleRequest(NULL, Object(Config\Cache), false)
#13 E:\httpdocs\www\crm\index.php(80): CodeIgniter\CodeIgniter->run()
#14 {main}
CRITICAL - 2024-02-05 12:39:41 --> Unknown column 'crm_estimates.estimate_date' in 'where clause'
in SYSTEMPATH\Database\BaseConnection.php on line 645.
 1 APPPATH\Models\Users_model.php(535): CodeIgniter\Database\BaseConnection->query('SELECT 
                    crm_users.id,
                    crm_users.first_name, 
                    crm_users.last_name, 
                    COALESCE(SUM(estimate_value), 0) AS total_sells,
                    \'Propostas\' AS type
            FROM crm_estimates
                INNER JOIN crm_clients ON crm_clients.id = crm_estimates.client_id
                INNER JOIN crm_users ON crm_users.id = crm_clients.owner_id
                LEFT JOIN crm_custom_fields ON crm_custom_fields.related_to = \'estimates\' AND crm_custom_fields.placeholder = \'Valor Estimado\'
                LEFT JOIN crm_custom_field_values ON crm_custom_field_values.custom_field_id = crm_custom_fields.id AND crm_custom_field_values.related_to_id = crm_estimates.id
                LEFT JOIN (SELECT estimate_id, SUM(total) AS estimate_value FROM crm_estimate_items WHERE deleted=0 GROUP BY estimate_id) AS items_table ON items_table.estimate_id = crm_estimates.id 
            WHERE crm_users.deleted=0 AND crm_users.status=\'active\'  AND crm_users.role_id IN (6, 8, 9, 10) AND crm_estimates.estimate_date BETWEEN \'2024-01-01\' and \'2024-01-31\'
            GROUP BY crm_users.id
        UNION ALL
            SELECT 
                crm_users.id,
                crm_users.first_name, 
                crm_users.last_name, 
                COALESCE(SUM(crm_projects.price), 0) AS total_sells, 
                \'Vendas\' AS type
            FROM crm_projects
                INNER JOIN crm_clients ON crm_clients.id = crm_projects.client_id
                INNER JOIN crm_users ON crm_users.id = crm_clients.owner_id
            WHERE crm_users.deleted=0 AND crm_users.status=\'active\'  AND crm_users.role_id IN (6, 8, 9, 10) AND crm_estimates.estimate_date BETWEEN \'2024-01-01\' and \'2024-01-31\'
            GROUP BY crm_users.id
        ')
 2 APPPATH\Helpers\widget_helper.php(1936): App\Models\Users_model->get_conversion_sellers([...], false, '2024-01-01', '2024-01-31')
 3 APPPATH\Controllers\Dashboard.php(1233): sellers_conversions_overview_widget()
 4 APPPATH\Controllers\Dashboard.php(1104): App\Controllers\Dashboard->_get_widgets_for_staffs('sellers_conversions_overview', [...])
 5 APPPATH\Controllers\Dashboard.php(1081): App\Controllers\Dashboard->_make_dashboard_widgets('sellers_conversions_overview')
 6 APPPATH\Controllers\Dashboard.php(437): App\Controllers\Dashboard->make_dashboard([...])
 7 APPPATH\Controllers\Dashboard.php(38): App\Controllers\Dashboard->view('1')
 8 SYSTEMPATH\CodeIgniter.php(934): App\Controllers\Dashboard->index()
 9 SYSTEMPATH\CodeIgniter.php(499): CodeIgniter\CodeIgniter->runController(Object(App\Controllers\Dashboard))
10 SYSTEMPATH\CodeIgniter.php(368): CodeIgniter\CodeIgniter->handleRequest(null, Object(Config\Cache), false)
11 FCPATH\index.php(80): CodeIgniter\CodeIgniter->run()
CRITICAL - 2024-02-05 12:42:34 --> Division by zero
in APPPATH\Helpers\widget_helper.php on line 1948.
 1 APPPATH\Helpers\widget_helper.php(1948): CodeIgniter\Debug\Exceptions->errorHandler(2, 'Division by zero', 'APPPATH\\Helpers\\widget_helper.php', 1948, [...])
 2 APPPATH\Controllers\Dashboard.php(1233): sellers_conversions_overview_widget()
 3 APPPATH\Controllers\Dashboard.php(1104): App\Controllers\Dashboard->_get_widgets_for_staffs('sellers_conversions_overview', [...])
 4 APPPATH\Controllers\Dashboard.php(1081): App\Controllers\Dashboard->_make_dashboard_widgets('sellers_conversions_overview')
 5 APPPATH\Controllers\Dashboard.php(437): App\Controllers\Dashboard->make_dashboard([...])
 6 APPPATH\Controllers\Dashboard.php(38): App\Controllers\Dashboard->view('1')
 7 SYSTEMPATH\CodeIgniter.php(934): App\Controllers\Dashboard->index()
 8 SYSTEMPATH\CodeIgniter.php(499): CodeIgniter\CodeIgniter->runController(Object(App\Controllers\Dashboard))
 9 SYSTEMPATH\CodeIgniter.php(368): CodeIgniter\CodeIgniter->handleRequest(null, Object(Config\Cache), false)
10 FCPATH\index.php(80): CodeIgniter\CodeIgniter->run()
CRITICAL - 2024-02-05 12:44:07 --> Undefined index: Vendas
in APPPATH\Helpers\widget_helper.php on line 1948.
 1 APPPATH\Helpers\widget_helper.php(1948): CodeIgniter\Debug\Exceptions->errorHandler(8, 'Undefined index: Vendas', 'APPPATH\\Helpers\\widget_helper.php', 1948, [...])
 2 APPPATH\Controllers\Dashboard.php(1233): sellers_conversions_overview_widget()
 3 APPPATH\Controllers\Dashboard.php(1104): App\Controllers\Dashboard->_get_widgets_for_staffs('sellers_conversions_overview', [...])
 4 APPPATH\Controllers\Dashboard.php(1081): App\Controllers\Dashboard->_make_dashboard_widgets('sellers_conversions_overview')
 5 APPPATH\Controllers\Dashboard.php(437): App\Controllers\Dashboard->make_dashboard([...])
 6 APPPATH\Controllers\Dashboard.php(38): App\Controllers\Dashboard->view('1')
 7 SYSTEMPATH\CodeIgniter.php(934): App\Controllers\Dashboard->index()
 8 SYSTEMPATH\CodeIgniter.php(499): CodeIgniter\CodeIgniter->runController(Object(App\Controllers\Dashboard))
 9 SYSTEMPATH\CodeIgniter.php(368): CodeIgniter\CodeIgniter->handleRequest(null, Object(Config\Cache), false)
10 FCPATH\index.php(80): CodeIgniter\CodeIgniter->run()
CRITICAL - 2024-02-05 12:44:15 --> Undefined index: Vendas
in APPPATH\Helpers\widget_helper.php on line 1948.
 1 APPPATH\Helpers\widget_helper.php(1948): CodeIgniter\Debug\Exceptions->errorHandler(8, 'Undefined index: Vendas', 'APPPATH\\Helpers\\widget_helper.php', 1948, [...])
 2 APPPATH\Controllers\Dashboard.php(1233): sellers_conversions_overview_widget()
 3 APPPATH\Controllers\Dashboard.php(1104): App\Controllers\Dashboard->_get_widgets_for_staffs('sellers_conversions_overview', [...])
 4 APPPATH\Controllers\Dashboard.php(1081): App\Controllers\Dashboard->_make_dashboard_widgets('sellers_conversions_overview')
 5 APPPATH\Controllers\Dashboard.php(437): App\Controllers\Dashboard->make_dashboard([...])
 6 APPPATH\Controllers\Dashboard.php(38): App\Controllers\Dashboard->view('1')
 7 SYSTEMPATH\CodeIgniter.php(934): App\Controllers\Dashboard->index()
 8 SYSTEMPATH\CodeIgniter.php(499): CodeIgniter\CodeIgniter->runController(Object(App\Controllers\Dashboard))
 9 SYSTEMPATH\CodeIgniter.php(368): CodeIgniter\CodeIgniter->handleRequest(null, Object(Config\Cache), false)
10 FCPATH\index.php(80): CodeIgniter\CodeIgniter->run()
CRITICAL - 2024-02-05 14:21:31 --> The action you requested is not allowed.
in SYSTEMPATH\Security\Security.php on line 306.
 1 SYSTEMPATH\Security\Security.php(306): CodeIgniter\Security\Exceptions\SecurityException::forDisallowedAction()
 2 SYSTEMPATH\Filters\CSRF.php(55): CodeIgniter\Security\Security->verify(Object(CodeIgniter\HTTP\IncomingRequest))
 3 SYSTEMPATH\Filters\Filters.php(173): CodeIgniter\Filters\CSRF->before(Object(CodeIgniter\HTTP\IncomingRequest), null)
 4 SYSTEMPATH\CodeIgniter.php(473): CodeIgniter\Filters\Filters->run('/leads/save', 'before')
 5 SYSTEMPATH\CodeIgniter.php(368): CodeIgniter\CodeIgniter->handleRequest(null, Object(Config\Cache), false)
 6 FCPATH\index.php(80): CodeIgniter\CodeIgniter->run()
