CRITICAL - 2024-08-27 19:34:49 --> number_format() expects parameter 1 to be float, string given
in APPPATH\Helpers\currency_helper.php on line 49.
 1 [internal function]: CodeIgniter\Debug\Exceptions->errorHandler(2, 'number_format() expects parameter 1 to be float, string given', 'APPPATH\\Helpers\\currency_helper.php', 49, [...])
 2 APPPATH\Helpers\currency_helper.php(49): number_format('E:\\httpdocs\\www\\crm', 2, ',', 'E:\\httpdocs\\www\\crm')
 3 APPPATH\Controllers\Estimates.php(559): to_currency('E:\\httpdocs\\www\\crm', 'R$')
 4 APPPATH\Controllers\Estimates.php(471): App\Controllers\Estimates->_make_row(Object(stdClass), [...])
 5 SYSTEMPATH\CodeIgniter.php(939): App\Controllers\Estimates->list_data()
 6 SYSTEMPATH\CodeIgniter.php(504): CodeIgniter\CodeIgniter->runController(Object(App\Controllers\Estimates))
 7 SYSTEMPATH\CodeIgniter.php(369): CodeIgniter\CodeIgniter->handleRequest(null, Object(Config\Cache), false)
 8 FCPATH\index.php(80): CodeIgniter\CodeIgniter->run()
CRITICAL - 2024-08-27 19:35:00 --> number_format() expects parameter 1 to be float, string given
in APPPATH\Helpers\currency_helper.php on line 49.
 1 [internal function]: CodeIgniter\Debug\Exceptions->errorHandler(2, 'number_format() expects parameter 1 to be float, string given', 'APPPATH\\Helpers\\currency_helper.php', 49, [...])
 2 APPPATH\Helpers\currency_helper.php(49): number_format('E:\\httpdocs\\www\\crm', 2, ',', 'E:\\httpdocs\\www\\crm')
 3 APPPATH\Controllers\Estimates.php(559): to_currency('E:\\httpdocs\\www\\crm', 'R$')
 4 APPPATH\Controllers\Estimates.php(471): App\Controllers\Estimates->_make_row(Object(stdClass), [...])
 5 SYSTEMPATH\CodeIgniter.php(939): App\Controllers\Estimates->list_data()
 6 SYSTEMPATH\CodeIgniter.php(504): CodeIgniter\CodeIgniter->runController(Object(App\Controllers\Estimates))
 7 SYSTEMPATH\CodeIgniter.php(369): CodeIgniter\CodeIgniter->handleRequest(null, Object(Config\Cache), false)
 8 FCPATH\index.php(80): CodeIgniter\CodeIgniter->run()
CRITICAL - 2024-08-27 19:57:05 --> Object of class stdClass could not be converted to string
in APPPATH\Controllers\Estimates.php on line 579.
 1 APPPATH\Controllers\Estimates.php(471): App\Controllers\Estimates->_make_row(Object(stdClass), [...])
 2 SYSTEMPATH\CodeIgniter.php(939): App\Controllers\Estimates->list_data()
 3 SYSTEMPATH\CodeIgniter.php(504): CodeIgniter\CodeIgniter->runController(Object(App\Controllers\Estimates))
 4 SYSTEMPATH\CodeIgniter.php(369): CodeIgniter\CodeIgniter->handleRequest(null, Object(Config\Cache), false)
 5 FCPATH\index.php(80): CodeIgniter\CodeIgniter->run()
CRITICAL - 2024-08-27 20:01:50 --> Object of class stdClass could not be converted to string
in APPPATH\Controllers\Estimates.php on line 579.
 1 APPPATH\Controllers\Estimates.php(471): App\Controllers\Estimates->_make_row(Object(stdClass), [...])
 2 SYSTEMPATH\CodeIgniter.php(939): App\Controllers\Estimates->list_data()
 3 SYSTEMPATH\CodeIgniter.php(504): CodeIgniter\CodeIgniter->runController(Object(App\Controllers\Estimates))
 4 SYSTEMPATH\CodeIgniter.php(369): CodeIgniter\CodeIgniter->handleRequest(null, Object(Config\Cache), false)
 5 FCPATH\index.php(80): CodeIgniter\CodeIgniter->run()
CRITICAL - 2024-08-27 20:04:46 --> Object of class stdClass could not be converted to string
in APPPATH\Controllers\Estimates.php on line 579.
 1 APPPATH\Controllers\Estimates.php(471): App\Controllers\Estimates->_make_row(Object(stdClass), [...])
 2 SYSTEMPATH\CodeIgniter.php(939): App\Controllers\Estimates->list_data()
 3 SYSTEMPATH\CodeIgniter.php(504): CodeIgniter\CodeIgniter->runController(Object(App\Controllers\Estimates))
 4 SYSTEMPATH\CodeIgniter.php(369): CodeIgniter\CodeIgniter->handleRequest(null, Object(Config\Cache), false)
 5 FCPATH\index.php(80): CodeIgniter\CodeIgniter->run()
CRITICAL - 2024-08-27 20:04:49 --> Object of class stdClass could not be converted to string
in APPPATH\Controllers\Estimates.php on line 579.
 1 APPPATH\Controllers\Estimates.php(471): App\Controllers\Estimates->_make_row(Object(stdClass), [...])
 2 SYSTEMPATH\CodeIgniter.php(939): App\Controllers\Estimates->list_data()
 3 SYSTEMPATH\CodeIgniter.php(504): CodeIgniter\CodeIgniter->runController(Object(App\Controllers\Estimates))
 4 SYSTEMPATH\CodeIgniter.php(369): CodeIgniter\CodeIgniter->handleRequest(null, Object(Config\Cache), false)
 5 FCPATH\index.php(80): CodeIgniter\CodeIgniter->run()
CRITICAL - 2024-08-27 20:20:39 --> Object of class stdClass could not be converted to string
in APPPATH\Controllers\Estimates.php on line 579.
 1 APPPATH\Controllers\Estimates.php(471): App\Controllers\Estimates->_make_row(Object(stdClass), [...])
 2 SYSTEMPATH\CodeIgniter.php(939): App\Controllers\Estimates->list_data()
 3 SYSTEMPATH\CodeIgniter.php(504): CodeIgniter\CodeIgniter->runController(Object(App\Controllers\Estimates))
 4 SYSTEMPATH\CodeIgniter.php(369): CodeIgniter\CodeIgniter->handleRequest(null, Object(Config\Cache), false)
 5 FCPATH\index.php(80): CodeIgniter\CodeIgniter->run()
CRITICAL - 2024-08-27 20:20:40 --> Object of class stdClass could not be converted to string
in APPPATH\Controllers\Estimates.php on line 579.
 1 APPPATH\Controllers\Estimates.php(471): App\Controllers\Estimates->_make_row(Object(stdClass), [...])
 2 SYSTEMPATH\CodeIgniter.php(939): App\Controllers\Estimates->list_data()
 3 SYSTEMPATH\CodeIgniter.php(504): CodeIgniter\CodeIgniter->runController(Object(App\Controllers\Estimates))
 4 SYSTEMPATH\CodeIgniter.php(369): CodeIgniter\CodeIgniter->handleRequest(null, Object(Config\Cache), false)
 5 FCPATH\index.php(80): CodeIgniter\CodeIgniter->run()
CRITICAL - 2024-08-27 20:38:11 --> The action you requested is not allowed.
in SYSTEMPATH\Security\Security.php on line 306.
 1 SYSTEMPATH\Security\Security.php(306): CodeIgniter\Security\Exceptions\SecurityException::forDisallowedAction()
 2 SYSTEMPATH\Filters\CSRF.php(55): CodeIgniter\Security\Security->verify(Object(CodeIgniter\HTTP\IncomingRequest))
 3 SYSTEMPATH\Filters\Filters.php(173): CodeIgniter\Filters\CSRF->before(Object(CodeIgniter\HTTP\IncomingRequest), null)
 4 SYSTEMPATH\CodeIgniter.php(476): CodeIgniter\Filters\Filters->run('/custom_fields/modal_form/', 'before')
 5 SYSTEMPATH\CodeIgniter.php(369): CodeIgniter\CodeIgniter->handleRequest(null, Object(Config\Cache), false)
 6 FCPATH\index.php(80): CodeIgniter\CodeIgniter->run()
CRITICAL - 2024-08-27 21:01:16 --> Object of class stdClass could not be converted to string
in APPPATH\Helpers\general_helper.php on line 82.
 1 APPPATH\Controllers\Estimates.php(583): get_avatar(Object(stdClass))
 2 APPPATH\Controllers\Estimates.php(471): App\Controllers\Estimates->_make_row(Object(stdClass), [...])
 3 SYSTEMPATH\CodeIgniter.php(939): App\Controllers\Estimates->list_data()
 4 SYSTEMPATH\CodeIgniter.php(504): CodeIgniter\CodeIgniter->runController(Object(App\Controllers\Estimates))
 5 SYSTEMPATH\CodeIgniter.php(369): CodeIgniter\CodeIgniter->handleRequest(null, Object(Config\Cache), false)
 6 FCPATH\index.php(80): CodeIgniter\CodeIgniter->run()
CRITICAL - 2024-08-27 21:16:36 --> syntax error, unexpected end of file, expecting function (T_FUNCTION) or const (T_CONST)
in APPPATH\Models\Custom_fields_model.php on line 356.
 1 SYSTEMPATH\Autoloader\Autoloader.php(289): CodeIgniter\Autoloader\Autoloader->includeFile('APPPATH\\Models\\Custom_fields_model.php')
 2 SYSTEMPATH\Autoloader\Autoloader.php(267): CodeIgniter\Autoloader\Autoloader->loadInNamespace('App\\Models\\Custom_fields_model')
 3 [internal function]: CodeIgniter\Autoloader\Autoloader->loadClass('App\\Models\\Custom_fields_model')
 4 [internal function]: spl_autoload_call('App\\Models\\Custom_fields_model')
 5 SYSTEMPATH\Config\Factories.php(155): class_exists('App\\Models\\Custom_fields_model')
 6 SYSTEMPATH\Config\Factories.php(125): CodeIgniter\Config\Factories::locateClass([...], 'App\\Models\\Custom_fields_model')
 7 SYSTEMPATH\Config\Factories.php(86): CodeIgniter\Config\Factories::__callStatic('models', [...])
 8 SYSTEMPATH\Common.php(829): CodeIgniter\Config\Factories::models('App\\Models\\Custom_fields_model', [...], null)
 9 APPPATH\Controllers\App_Controller.php(99): model('App\\Models\\Custom_fields_model')
10 APPPATH\Controllers\Security_Controller.php(17): App\Controllers\App_Controller->__construct()
11 APPPATH\Controllers\Messages.php(8): App\Controllers\Security_Controller->__construct()
12 SYSTEMPATH\CodeIgniter.php(911): App\Controllers\Messages->__construct()
13 SYSTEMPATH\CodeIgniter.php(494): CodeIgniter\CodeIgniter->createController()
14 SYSTEMPATH\CodeIgniter.php(369): CodeIgniter\CodeIgniter->handleRequest(null, Object(Config\Cache), false)
15 FCPATH\index.php(80): CodeIgniter\CodeIgniter->run()
