CRITICAL - 2023-10-24 10:13:28 --> Undefined property: stdClass::$number
in APPPATH\Views\estimates\estimate_parts\header_style_1.php on line 13.
 1 APPPATH\Views\estimates\estimate_parts\header_style_1.php(13): CodeIgniter\Debug\Exceptions->errorHandler(8, 'Undefined property: stdClass::$number', 'APPPATH\\Views\\estimates\\estimate_parts\\header_style_1.php', 13, [...])
 2 SYSTEMPATH\View\View.php(213): include('APPPATH\\Views\\estimates\\estimate_parts\\header_style_1.php')
 3 SYSTEMPATH\View\View.php(216): CodeIgniter\View\View->CodeIgniter\View\{closure}()
 4 SYSTEMPATH\Common.php(1184): CodeIgniter\View\View->render('estimates/estimate_parts/header_style_1.php', [], true)
 5 APPPATH\Views\estimates\estimate_pdf.php(21): view('estimates/estimate_parts/header_style_1.php', [...])
 6 SYSTEMPATH\View\View.php(213): include('APPPATH\\Views\\estimates\\estimate_pdf.php')
 7 SYSTEMPATH\View\View.php(216): CodeIgniter\View\View->CodeIgniter\View\{closure}()
 8 SYSTEMPATH\Common.php(1184): CodeIgniter\View\View->render('estimates/estimate_pdf', [], true)
 9 APPPATH\Helpers\general_helper.php(939): view('estimates/estimate_pdf', [...])
10 APPPATH\Controllers\Estimates.php(863): prepare_estimate_pdf([...], 'view')
11 SYSTEMPATH\CodeIgniter.php(934): App\Controllers\Estimates->download_pdf('5', 'view')
12 SYSTEMPATH\CodeIgniter.php(499): CodeIgniter\CodeIgniter->runController(Object(App\Controllers\Estimates))
13 SYSTEMPATH\CodeIgniter.php(368): CodeIgniter\CodeIgniter->handleRequest(null, Object(Config\Cache), false)
14 FCPATH\index.php(80): CodeIgniter\CodeIgniter->run()
CRITICAL - 2023-10-24 10:15:12 --> syntax error, unexpected ';'
in APPPATH\Helpers\general_helper.php on line 1037.
 1 APPPATH\Controllers\App_Controller.php(93): helper([...])
 2 APPPATH\Controllers\Security_Controller.php(17): App\Controllers\App_Controller->__construct()
 3 APPPATH\Controllers\Messages.php(8): App\Controllers\Security_Controller->__construct()
 4 SYSTEMPATH\CodeIgniter.php(906): App\Controllers\Messages->__construct()
 5 SYSTEMPATH\CodeIgniter.php(490): CodeIgniter\CodeIgniter->createController()
 6 SYSTEMPATH\CodeIgniter.php(368): CodeIgniter\CodeIgniter->handleRequest(null, Object(Config\Cache), false)
 7 FCPATH\index.php(80): CodeIgniter\CodeIgniter->run()
CRITICAL - 2023-10-24 10:15:14 --> syntax error, unexpected ';'
in APPPATH\Helpers\general_helper.php on line 1037.
 1 APPPATH\Controllers\App_Controller.php(93): helper([...])
 2 APPPATH\Controllers\Security_Controller.php(17): App\Controllers\App_Controller->__construct()
 3 APPPATH\Controllers\Messages.php(8): App\Controllers\Security_Controller->__construct()
 4 SYSTEMPATH\CodeIgniter.php(906): App\Controllers\Messages->__construct()
 5 SYSTEMPATH\CodeIgniter.php(490): CodeIgniter\CodeIgniter->createController()
 6 SYSTEMPATH\CodeIgniter.php(368): CodeIgniter\CodeIgniter->handleRequest(null, Object(Config\Cache), false)
 7 FCPATH\index.php(80): CodeIgniter\CodeIgniter->run()
CRITICAL - 2023-10-24 10:19:05 --> Undefined variable: company_info
in APPPATH\Views\estimates\estimate_parts\header_style_1.php on line 8.
 1 APPPATH\Views\estimates\estimate_parts\header_style_1.php(8): CodeIgniter\Debug\Exceptions->errorHandler(8, 'Undefined variable: company_info', 'APPPATH\\Views\\estimates\\estimate_parts\\header_style_1.php', 8, [...])
 2 SYSTEMPATH\View\View.php(213): include('APPPATH\\Views\\estimates\\estimate_parts\\header_style_1.php')
 3 SYSTEMPATH\View\View.php(216): CodeIgniter\View\View->CodeIgniter\View\{closure}()
 4 SYSTEMPATH\Common.php(1184): CodeIgniter\View\View->render('estimates/estimate_parts/header_style_1.php', [], true)
 5 APPPATH\Views\estimates\estimate_pdf.php(21): view('estimates/estimate_parts/header_style_1.php', [...])
 6 SYSTEMPATH\View\View.php(213): include('APPPATH\\Views\\estimates\\estimate_pdf.php')
 7 SYSTEMPATH\View\View.php(216): CodeIgniter\View\View->CodeIgniter\View\{closure}()
 8 SYSTEMPATH\Common.php(1184): CodeIgniter\View\View->render('estimates/estimate_pdf', [], true)
 9 APPPATH\Helpers\general_helper.php(939): view('estimates/estimate_pdf', [...])
10 APPPATH\Controllers\Estimates.php(863): prepare_estimate_pdf([...], 'view')
11 SYSTEMPATH\CodeIgniter.php(934): App\Controllers\Estimates->download_pdf('5', 'view')
12 SYSTEMPATH\CodeIgniter.php(499): CodeIgniter\CodeIgniter->runController(Object(App\Controllers\Estimates))
13 SYSTEMPATH\CodeIgniter.php(368): CodeIgniter\CodeIgniter->handleRequest(null, Object(Config\Cache), false)
14 FCPATH\index.php(80): CodeIgniter\CodeIgniter->run()
CRITICAL - 2023-10-24 10:19:26 --> Undefined variable: company_info
in APPPATH\Views\estimates\estimate_pdf.php on line 12.
 1 APPPATH\Views\estimates\estimate_pdf.php(12): CodeIgniter\Debug\Exceptions->errorHandler(8, 'Undefined variable: company_info', 'APPPATH\\Views\\estimates\\estimate_pdf.php', 12, [...])
 2 SYSTEMPATH\View\View.php(213): include('APPPATH\\Views\\estimates\\estimate_pdf.php')
 3 SYSTEMPATH\View\View.php(216): CodeIgniter\View\View->CodeIgniter\View\{closure}()
 4 SYSTEMPATH\Common.php(1184): CodeIgniter\View\View->render('estimates/estimate_pdf', [], true)
 5 APPPATH\Helpers\general_helper.php(939): view('estimates/estimate_pdf', [...])
 6 APPPATH\Controllers\Estimates.php(863): prepare_estimate_pdf([...], 'view')
 7 SYSTEMPATH\CodeIgniter.php(934): App\Controllers\Estimates->download_pdf('5', 'view')
 8 SYSTEMPATH\CodeIgniter.php(499): CodeIgniter\CodeIgniter->runController(Object(App\Controllers\Estimates))
 9 SYSTEMPATH\CodeIgniter.php(368): CodeIgniter\CodeIgniter->handleRequest(null, Object(Config\Cache), false)
10 FCPATH\index.php(80): CodeIgniter\CodeIgniter->run()
CRITICAL - 2023-10-24 10:20:02 --> Undefined property: stdClass::$company_info
in APPPATH\Views\estimates\estimate_pdf.php on line 12.
 1 APPPATH\Views\estimates\estimate_pdf.php(12): CodeIgniter\Debug\Exceptions->errorHandler(8, 'Undefined property: stdClass::$company_info', 'APPPATH\\Views\\estimates\\estimate_pdf.php', 12, [...])
 2 SYSTEMPATH\View\View.php(213): include('APPPATH\\Views\\estimates\\estimate_pdf.php')
 3 SYSTEMPATH\View\View.php(216): CodeIgniter\View\View->CodeIgniter\View\{closure}()
 4 SYSTEMPATH\Common.php(1184): CodeIgniter\View\View->render('estimates/estimate_pdf', [], true)
 5 APPPATH\Helpers\general_helper.php(939): view('estimates/estimate_pdf', [...])
 6 APPPATH\Controllers\Estimates.php(863): prepare_estimate_pdf([...], 'view')
 7 SYSTEMPATH\CodeIgniter.php(934): App\Controllers\Estimates->download_pdf('5', 'view')
 8 SYSTEMPATH\CodeIgniter.php(499): CodeIgniter\CodeIgniter->runController(Object(App\Controllers\Estimates))
 9 SYSTEMPATH\CodeIgniter.php(368): CodeIgniter\CodeIgniter->handleRequest(null, Object(Config\Cache), false)
10 FCPATH\index.php(80): CodeIgniter\CodeIgniter->run()
CRITICAL - 2023-10-24 10:20:14 --> Undefined property: stdClass::$phone
in APPPATH\Views\estimates\estimate_parts\header_style_1.php on line 8.
 1 APPPATH\Views\estimates\estimate_parts\header_style_1.php(8): CodeIgniter\Debug\Exceptions->errorHandler(8, 'Undefined property: stdClass::$phone', 'APPPATH\\Views\\estimates\\estimate_parts\\header_style_1.php', 8, [...])
 2 SYSTEMPATH\View\View.php(213): include('APPPATH\\Views\\estimates\\estimate_parts\\header_style_1.php')
 3 SYSTEMPATH\View\View.php(216): CodeIgniter\View\View->CodeIgniter\View\{closure}()
 4 SYSTEMPATH\Common.php(1184): CodeIgniter\View\View->render('estimates/estimate_parts/header_style_1.php', [], true)
 5 APPPATH\Views\estimates\estimate_pdf.php(22): view('estimates/estimate_parts/header_style_1.php', [...])
 6 SYSTEMPATH\View\View.php(213): include('APPPATH\\Views\\estimates\\estimate_pdf.php')
 7 SYSTEMPATH\View\View.php(216): CodeIgniter\View\View->CodeIgniter\View\{closure}()
 8 SYSTEMPATH\Common.php(1184): CodeIgniter\View\View->render('estimates/estimate_pdf', [], true)
 9 APPPATH\Helpers\general_helper.php(939): view('estimates/estimate_pdf', [...])
10 APPPATH\Controllers\Estimates.php(863): prepare_estimate_pdf([...], 'view')
11 SYSTEMPATH\CodeIgniter.php(934): App\Controllers\Estimates->download_pdf('5', 'view')
12 SYSTEMPATH\CodeIgniter.php(499): CodeIgniter\CodeIgniter->runController(Object(App\Controllers\Estimates))
13 SYSTEMPATH\CodeIgniter.php(368): CodeIgniter\CodeIgniter->handleRequest(null, Object(Config\Cache), false)
14 FCPATH\index.php(80): CodeIgniter\CodeIgniter->run()
CRITICAL - 2023-10-24 10:22:39 --> Cannot redeclare company_widget() (previously declared in E:\httpdocs\www\crm\app\Helpers\widget_helper.php:1398)
in APPPATH\Helpers\widget_helper.php on line 1425.
 1 [internal function]: CodeIgniter\Debug\Exceptions->shutdownHandler()
CRITICAL - 2023-10-24 10:22:39 --> Cannot redeclare company_widget() (previously declared in E:\httpdocs\www\crm\app\Helpers\widget_helper.php:1398)
in APPPATH\Helpers\widget_helper.php on line 1425.
 1 [internal function]: CodeIgniter\Debug\Exceptions->shutdownHandler()
CRITICAL - 2023-10-24 10:22:39 --> Cannot redeclare company_widget() (previously declared in E:\httpdocs\www\crm\app\Helpers\widget_helper.php:1398)
in APPPATH\Helpers\widget_helper.php on line 1425.
 1 [internal function]: CodeIgniter\Debug\Exceptions->shutdownHandler()
