CRITICAL - 2023-12-04 22:01:34 --> syntax error, unexpected '$sql' (T_VARIABLE), expecting ';'
in APPPATH\Models\Clients_model.php on line 286.
 1 SYSTEMPATH\Autoloader\Autoloader.php(289): CodeIgniter\Autoloader\Autoloader->includeFile('APPPATH\\Models\\Clients_model.php')
 2 SYSTEMPATH\Autoloader\Autoloader.php(267): CodeIgniter\Autoloader\Autoloader->loadInNamespace('App\\Models\\Clients_model')
 3 [internal function]: CodeIgniter\Autoloader\Autoloader->loadClass('App\\Models\\Clients_model')
 4 [internal function]: spl_autoload_call('App\\Models\\Clients_model')
 5 SYSTEMPATH\Config\Factories.php(155): class_exists('App\\Models\\Clients_model')
 6 SYSTEMPATH\Config\Factories.php(125): CodeIgniter\Config\Factories::locateClass([...], 'App\\Models\\Clients_model')
 7 SYSTEMPATH\Config\Factories.php(86): CodeIgniter\Config\Factories::__callStatic('models', [...])
 8 SYSTEMPATH\Common.php(829): CodeIgniter\Config\Factories::models('App\\Models\\Clients_model', [...], null)
 9 APPPATH\Controllers\App_Controller.php(98): model('App\\Models\\Clients_model')
10 APPPATH\Controllers\Security_Controller.php(17): App\Controllers\App_Controller->__construct()
11 APPPATH\Controllers\Messages.php(8): App\Controllers\Security_Controller->__construct()
12 SYSTEMPATH\CodeIgniter.php(906): App\Controllers\Messages->__construct()
13 SYSTEMPATH\CodeIgniter.php(490): CodeIgniter\CodeIgniter->createController()
14 SYSTEMPATH\CodeIgniter.php(368): CodeIgniter\CodeIgniter->handleRequest(null, Object(Config\Cache), false)
15 FCPATH\index.php(80): CodeIgniter\CodeIgniter->run()
CRITICAL - 2023-12-04 22:08:24 --> The action you requested is not allowed.
in SYSTEMPATH\Security\Security.php on line 306.
 1 SYSTEMPATH\Security\Security.php(306): CodeIgniter\Security\Exceptions\SecurityException::forDisallowedAction()
 2 SYSTEMPATH\Filters\CSRF.php(55): CodeIgniter\Security\Security->verify(Object(CodeIgniter\HTTP\IncomingRequest))
 3 SYSTEMPATH\Filters\Filters.php(173): CodeIgniter\Filters\CSRF->before(Object(CodeIgniter\HTTP\IncomingRequest), null)
 4 SYSTEMPATH\CodeIgniter.php(473): CodeIgniter\Filters\Filters->run('/estimates/save_view', 'before')
 5 SYSTEMPATH\CodeIgniter.php(368): CodeIgniter\CodeIgniter->handleRequest(null, Object(Config\Cache), false)
 6 FCPATH\index.php(80): CodeIgniter\CodeIgniter->run()
CRITICAL - 2023-12-04 22:11:02 --> The action you requested is not allowed.
in SYSTEMPATH\Security\Security.php on line 306.
 1 SYSTEMPATH\Security\Security.php(306): CodeIgniter\Security\Exceptions\SecurityException::forDisallowedAction()
 2 SYSTEMPATH\Filters\CSRF.php(55): CodeIgniter\Security\Security->verify(Object(CodeIgniter\HTTP\IncomingRequest))
 3 SYSTEMPATH\Filters\Filters.php(173): CodeIgniter\Filters\CSRF->before(Object(CodeIgniter\HTTP\IncomingRequest), null)
 4 SYSTEMPATH\CodeIgniter.php(473): CodeIgniter\Filters\Filters->run('/estimate_templates/insert_template_modal_form', 'before')
 5 SYSTEMPATH\CodeIgniter.php(368): CodeIgniter\CodeIgniter->handleRequest(null, Object(Config\Cache), false)
 6 FCPATH\index.php(80): CodeIgniter\CodeIgniter->run()
CRITICAL - 2023-12-04 22:51:41 --> The action you requested is not allowed.
in SYSTEMPATH\Security\Security.php on line 306.
 1 SYSTEMPATH\Security\Security.php(306): CodeIgniter\Security\Exceptions\SecurityException::forDisallowedAction()
 2 SYSTEMPATH\Filters\CSRF.php(55): CodeIgniter\Security\Security->verify(Object(CodeIgniter\HTTP\IncomingRequest))
 3 SYSTEMPATH\Filters\Filters.php(173): CodeIgniter\Filters\CSRF->before(Object(CodeIgniter\HTTP\IncomingRequest), null)
 4 SYSTEMPATH\CodeIgniter.php(473): CodeIgniter\Filters\Filters->run('/estimate_templates/modal_form', 'before')
 5 SYSTEMPATH\CodeIgniter.php(368): CodeIgniter\CodeIgniter->handleRequest(null, Object(Config\Cache), false)
 6 FCPATH\index.php(80): CodeIgniter\CodeIgniter->run()
CRITICAL - 2023-12-04 23:01:51 --> syntax error, unexpected '$parser_data' (T_VARIABLE)
in APPPATH\Helpers\general_helper.php on line 2077.
 1 APPPATH\Controllers\App_Controller.php(93): helper([...])
 2 APPPATH\Controllers\Security_Controller.php(17): App\Controllers\App_Controller->__construct()
 3 APPPATH\Controllers\Messages.php(8): App\Controllers\Security_Controller->__construct()
 4 SYSTEMPATH\CodeIgniter.php(906): App\Controllers\Messages->__construct()
 5 SYSTEMPATH\CodeIgniter.php(490): CodeIgniter\CodeIgniter->createController()
 6 SYSTEMPATH\CodeIgniter.php(368): CodeIgniter\CodeIgniter->handleRequest(null, Object(Config\Cache), false)
 7 FCPATH\index.php(80): CodeIgniter\CodeIgniter->run()
CRITICAL - 2023-12-04 23:01:53 --> syntax error, unexpected '$parser_data' (T_VARIABLE)
in APPPATH\Helpers\general_helper.php on line 2077.
 1 APPPATH\Controllers\App_Controller.php(93): helper([...])
 2 APPPATH\Controllers\Security_Controller.php(17): App\Controllers\App_Controller->__construct()
 3 APPPATH\Controllers\Messages.php(8): App\Controllers\Security_Controller->__construct()
 4 SYSTEMPATH\CodeIgniter.php(906): App\Controllers\Messages->__construct()
 5 SYSTEMPATH\CodeIgniter.php(490): CodeIgniter\CodeIgniter->createController()
 6 SYSTEMPATH\CodeIgniter.php(368): CodeIgniter\CodeIgniter->handleRequest(null, Object(Config\Cache), false)
 7 FCPATH\index.php(80): CodeIgniter\CodeIgniter->run()
