CRITICAL - 2024-04-22 11:01:19 --> Call to undefined method App\Controllers\Estimate::_check_estimate_access_permission()
in APPPATH\Controllers\Estimate.php on line 36.
 1 SYSTEMPATH\CodeIgniter.php(939): App\Controllers\Estimate->print_estimate('209', 'bpFxeIgXZH')
 2 SYSTEMPATH\CodeIgniter.php(504): CodeIgniter\CodeIgniter->runController(Object(App\Controllers\Estimate))
 3 SYSTEMPATH\CodeIgniter.php(369): CodeIgniter\CodeIgniter->handleRequest(null, Object(Config\Cache), false)
 4 FCPATH\index.php(80): CodeIgniter\CodeIgniter->run()
CRITICAL - 2024-04-22 12:18:33 --> file_get_contents(localhost/crm/estimate/preview/209/bpFxeIgXZH): failed to open stream: No such file or directory
in APPPATH\Controllers\Estimate.php on line 39.
 1 [internal function]: CodeIgniter\Debug\Exceptions->errorHandler(2, 'file_get_contents(localhost/crm/estimate/preview/209/bpFxeIgXZH): failed to open stream: No such file or directory', 'APPPATH\\Controllers\\Estimate.php', 39, [...])
 2 APPPATH\Controllers\Estimate.php(39): file_get_contents('localhost/crm/estimate/preview/209/bpFxeIgXZH')
 3 SYSTEMPATH\CodeIgniter.php(939): App\Controllers\Estimate->print_estimate('209', 'bpFxeIgXZH')
 4 SYSTEMPATH\CodeIgniter.php(504): CodeIgniter\CodeIgniter->runController(Object(App\Controllers\Estimate))
 5 SYSTEMPATH\CodeIgniter.php(369): CodeIgniter\CodeIgniter->handleRequest(null, Object(Config\Cache), false)
 6 FCPATH\index.php(80): CodeIgniter\CodeIgniter->run()
CRITICAL - 2024-04-22 12:19:28 --> file_get_contents(): SSL operation failed with code 1. OpenSSL Error messages:
error:1416F086:SSL routines:tls_process_server_certificate:certificate verify failed
in APPPATH\Controllers\Estimate.php on line 39.
 1 [internal function]: CodeIgniter\Debug\Exceptions->errorHandler(2, 'file_get_contents(): SSL operation failed with code 1. OpenSSL Error messages:
error:1416F086:SSL routines:tls_process_server_certificate:certificate verify failed', 'APPPATH\\Controllers\\Estimate.php', 39, [...])
 2 APPPATH\Controllers\Estimate.php(39): file_get_contents('https://localhost/crm/estimate/preview/209/bpFxeIgXZH')
 3 SYSTEMPATH\CodeIgniter.php(939): App\Controllers\Estimate->print_estimate('209', 'bpFxeIgXZH')
 4 SYSTEMPATH\CodeIgniter.php(504): CodeIgniter\CodeIgniter->runController(Object(App\Controllers\Estimate))
 5 SYSTEMPATH\CodeIgniter.php(369): CodeIgniter\CodeIgniter->handleRequest(null, Object(Config\Cache), false)
 6 FCPATH\index.php(80): CodeIgniter\CodeIgniter->run()
CRITICAL - 2024-04-22 15:50:04 --> Undefined property: CodeIgniter\View\View::$action
in APPPATH\Views\estimates\estimate_public_preview.php on line 43.
 1 APPPATH\Views\estimates\estimate_public_preview.php(43): CodeIgniter\Debug\Exceptions->errorHandler(8, 'Undefined property: CodeIgniter\\View\\View::$action', 'APPPATH\\Views\\estimates\\estimate_public_preview.php', 43, [...])
 2 SYSTEMPATH\View\View.php(213): include('APPPATH\\Views\\estimates\\estimate_public_preview.php')
 3 SYSTEMPATH\View\View.php(216): CodeIgniter\View\View->CodeIgniter\View\{closure}()
 4 SYSTEMPATH\Common.php(1184): CodeIgniter\View\View->render('estimates/estimate_public_preview', [], true)
 5 APPPATH\Controllers\Estimate.php(77): view('estimates/estimate_public_preview', [...])
 6 SYSTEMPATH\CodeIgniter.php(939): App\Controllers\Estimate->preview('209', 'bpFxeIgXZH')
 7 SYSTEMPATH\CodeIgniter.php(504): CodeIgniter\CodeIgniter->runController(Object(App\Controllers\Estimate))
 8 SYSTEMPATH\CodeIgniter.php(369): CodeIgniter\CodeIgniter->handleRequest(null, Object(Config\Cache), false)
 9 FCPATH\index.php(80): CodeIgniter\CodeIgniter->run()
CRITICAL - 2024-04-22 15:50:04 --> file_get_contents(http://localhost/crm/estimate/preview/209/bpFxeIgXZH): failed to open stream: HTTP request failed! HTTP/1.0 500 Internal Server Error

in APPPATH\Controllers\Estimate.php on line 39.
 1 [internal function]: CodeIgniter\Debug\Exceptions->errorHandler(2, 'file_get_contents(http://localhost/crm/estimate/preview/209/bpFxeIgXZH): failed to open stream: HTTP request failed! HTTP/1.0 500 Internal Server Error
', 'APPPATH\\Controllers\\Estimate.php', 39, [...])
 2 APPPATH\Controllers\Estimate.php(39): file_get_contents('http://localhost/crm/estimate/preview/209/bpFxeIgXZH')
 3 SYSTEMPATH\CodeIgniter.php(939): App\Controllers\Estimate->print_estimate('209', 'bpFxeIgXZH')
 4 SYSTEMPATH\CodeIgniter.php(504): CodeIgniter\CodeIgniter->runController(Object(App\Controllers\Estimate))
 5 SYSTEMPATH\CodeIgniter.php(369): CodeIgniter\CodeIgniter->handleRequest(null, Object(Config\Cache), false)
 6 FCPATH\index.php(80): CodeIgniter\CodeIgniter->run()
CRITICAL - 2024-04-22 15:51:08 --> Undefined property: CodeIgniter\View\View::$action
in APPPATH\Views\estimates\estimate_public_preview.php on line 44.
 1 APPPATH\Views\estimates\estimate_public_preview.php(44): CodeIgniter\Debug\Exceptions->errorHandler(8, 'Undefined property: CodeIgniter\\View\\View::$action', 'APPPATH\\Views\\estimates\\estimate_public_preview.php', 44, [...])
 2 SYSTEMPATH\View\View.php(213): include('APPPATH\\Views\\estimates\\estimate_public_preview.php')
 3 SYSTEMPATH\View\View.php(216): CodeIgniter\View\View->CodeIgniter\View\{closure}()
 4 SYSTEMPATH\Common.php(1184): CodeIgniter\View\View->render('estimates/estimate_public_preview', [], true)
 5 APPPATH\Controllers\Estimate.php(77): view('estimates/estimate_public_preview', [...])
 6 SYSTEMPATH\CodeIgniter.php(939): App\Controllers\Estimate->preview('209', 'bpFxeIgXZH')
 7 SYSTEMPATH\CodeIgniter.php(504): CodeIgniter\CodeIgniter->runController(Object(App\Controllers\Estimate))
 8 SYSTEMPATH\CodeIgniter.php(369): CodeIgniter\CodeIgniter->handleRequest(null, Object(Config\Cache), false)
 9 FCPATH\index.php(80): CodeIgniter\CodeIgniter->run()
CRITICAL - 2024-04-22 15:51:08 --> file_get_contents(http://localhost/crm/estimate/preview/209/bpFxeIgXZH): failed to open stream: HTTP request failed! HTTP/1.0 500 Internal Server Error

in APPPATH\Controllers\Estimate.php on line 39.
 1 [internal function]: CodeIgniter\Debug\Exceptions->errorHandler(2, 'file_get_contents(http://localhost/crm/estimate/preview/209/bpFxeIgXZH): failed to open stream: HTTP request failed! HTTP/1.0 500 Internal Server Error
', 'APPPATH\\Controllers\\Estimate.php', 39, [...])
 2 APPPATH\Controllers\Estimate.php(39): file_get_contents('http://localhost/crm/estimate/preview/209/bpFxeIgXZH')
 3 SYSTEMPATH\CodeIgniter.php(939): App\Controllers\Estimate->print_estimate('209', 'bpFxeIgXZH')
 4 SYSTEMPATH\CodeIgniter.php(504): CodeIgniter\CodeIgniter->runController(Object(App\Controllers\Estimate))
 5 SYSTEMPATH\CodeIgniter.php(369): CodeIgniter\CodeIgniter->handleRequest(null, Object(Config\Cache), false)
 6 FCPATH\index.php(80): CodeIgniter\CodeIgniter->run()
CRITICAL - 2024-04-22 15:51:46 --> Undefined property: CodeIgniter\View\View::$action
in APPPATH\Views\estimates\estimate_public_preview.php on line 44.
 1 APPPATH\Views\estimates\estimate_public_preview.php(44): CodeIgniter\Debug\Exceptions->errorHandler(8, 'Undefined property: CodeIgniter\\View\\View::$action', 'APPPATH\\Views\\estimates\\estimate_public_preview.php', 44, [...])
 2 SYSTEMPATH\View\View.php(213): include('APPPATH\\Views\\estimates\\estimate_public_preview.php')
 3 SYSTEMPATH\View\View.php(216): CodeIgniter\View\View->CodeIgniter\View\{closure}()
 4 SYSTEMPATH\Common.php(1184): CodeIgniter\View\View->render('estimates/estimate_public_preview', [], true)
 5 APPPATH\Controllers\Estimate.php(77): view('estimates/estimate_public_preview', [...])
 6 SYSTEMPATH\CodeIgniter.php(939): App\Controllers\Estimate->preview('209', 'bpFxeIgXZH')
 7 SYSTEMPATH\CodeIgniter.php(504): CodeIgniter\CodeIgniter->runController(Object(App\Controllers\Estimate))
 8 SYSTEMPATH\CodeIgniter.php(369): CodeIgniter\CodeIgniter->handleRequest(null, Object(Config\Cache), false)
 9 FCPATH\index.php(80): CodeIgniter\CodeIgniter->run()
CRITICAL - 2024-04-22 15:51:46 --> file_get_contents(http://localhost/crm/estimate/preview/209/bpFxeIgXZH): failed to open stream: HTTP request failed! HTTP/1.0 500 Internal Server Error

in APPPATH\Controllers\Estimate.php on line 39.
 1 [internal function]: CodeIgniter\Debug\Exceptions->errorHandler(2, 'file_get_contents(http://localhost/crm/estimate/preview/209/bpFxeIgXZH): failed to open stream: HTTP request failed! HTTP/1.0 500 Internal Server Error
', 'APPPATH\\Controllers\\Estimate.php', 39, [...])
 2 APPPATH\Controllers\Estimate.php(39): file_get_contents('http://localhost/crm/estimate/preview/209/bpFxeIgXZH')
 3 SYSTEMPATH\CodeIgniter.php(939): App\Controllers\Estimate->print_estimate('209', 'bpFxeIgXZH')
 4 SYSTEMPATH\CodeIgniter.php(504): CodeIgniter\CodeIgniter->runController(Object(App\Controllers\Estimate))
 5 SYSTEMPATH\CodeIgniter.php(369): CodeIgniter\CodeIgniter->handleRequest(null, Object(Config\Cache), false)
 6 FCPATH\index.php(80): CodeIgniter\CodeIgniter->run()
CRITICAL - 2024-04-22 15:52:57 --> Too few arguments to function get_actual_controller_name(), 0 passed in E:\httpdocs\www\crm\app\Views\estimates\estimate_public_preview.php on line 44 and exactly 1 expected
in APPPATH\Helpers\general_helper.php on line 210.
 1 APPPATH\Views\estimates\estimate_public_preview.php(44): get_actual_controller_name()
 2 SYSTEMPATH\View\View.php(213): include('APPPATH\\Views\\estimates\\estimate_public_preview.php')
 3 SYSTEMPATH\View\View.php(216): CodeIgniter\View\View->CodeIgniter\View\{closure}()
 4 SYSTEMPATH\Common.php(1184): CodeIgniter\View\View->render('estimates/estimate_public_preview', [], true)
 5 APPPATH\Controllers\Estimate.php(77): view('estimates/estimate_public_preview', [...])
 6 SYSTEMPATH\CodeIgniter.php(939): App\Controllers\Estimate->preview('209', 'bpFxeIgXZH')
 7 SYSTEMPATH\CodeIgniter.php(504): CodeIgniter\CodeIgniter->runController(Object(App\Controllers\Estimate))
 8 SYSTEMPATH\CodeIgniter.php(369): CodeIgniter\CodeIgniter->handleRequest(null, Object(Config\Cache), false)
 9 FCPATH\index.php(80): CodeIgniter\CodeIgniter->run()
CRITICAL - 2024-04-22 15:52:57 --> file_get_contents(http://localhost/crm/estimate/preview/209/bpFxeIgXZH): failed to open stream: HTTP request failed! HTTP/1.0 500 Internal Server Error

in APPPATH\Controllers\Estimate.php on line 39.
 1 [internal function]: CodeIgniter\Debug\Exceptions->errorHandler(2, 'file_get_contents(http://localhost/crm/estimate/preview/209/bpFxeIgXZH): failed to open stream: HTTP request failed! HTTP/1.0 500 Internal Server Error
', 'APPPATH\\Controllers\\Estimate.php', 39, [...])
 2 APPPATH\Controllers\Estimate.php(39): file_get_contents('http://localhost/crm/estimate/preview/209/bpFxeIgXZH')
 3 SYSTEMPATH\CodeIgniter.php(939): App\Controllers\Estimate->print_estimate('209', 'bpFxeIgXZH')
 4 SYSTEMPATH\CodeIgniter.php(504): CodeIgniter\CodeIgniter->runController(Object(App\Controllers\Estimate))
 5 SYSTEMPATH\CodeIgniter.php(369): CodeIgniter\CodeIgniter->handleRequest(null, Object(Config\Cache), false)
 6 FCPATH\index.php(80): CodeIgniter\CodeIgniter->run()
CRITICAL - 2024-04-22 15:53:32 --> Too few arguments to function get_actual_controller_name(), 0 passed in E:\httpdocs\www\crm\app\Views\estimates\estimate_public_preview.php on line 45 and exactly 1 expected
in APPPATH\Helpers\general_helper.php on line 210.
 1 APPPATH\Views\estimates\estimate_public_preview.php(45): get_actual_controller_name()
 2 SYSTEMPATH\View\View.php(213): include('APPPATH\\Views\\estimates\\estimate_public_preview.php')
 3 SYSTEMPATH\View\View.php(216): CodeIgniter\View\View->CodeIgniter\View\{closure}()
 4 SYSTEMPATH\Common.php(1184): CodeIgniter\View\View->render('estimates/estimate_public_preview', [], true)
 5 APPPATH\Controllers\Estimate.php(77): view('estimates/estimate_public_preview', [...])
 6 SYSTEMPATH\CodeIgniter.php(939): App\Controllers\Estimate->preview('209', 'bpFxeIgXZH')
 7 SYSTEMPATH\CodeIgniter.php(504): CodeIgniter\CodeIgniter->runController(Object(App\Controllers\Estimate))
 8 SYSTEMPATH\CodeIgniter.php(369): CodeIgniter\CodeIgniter->handleRequest(null, Object(Config\Cache), false)
 9 FCPATH\index.php(80): CodeIgniter\CodeIgniter->run()
CRITICAL - 2024-04-22 15:53:32 --> file_get_contents(http://localhost/crm/estimate/preview/209/bpFxeIgXZH): failed to open stream: HTTP request failed! HTTP/1.0 500 Internal Server Error

in APPPATH\Controllers\Estimate.php on line 39.
 1 [internal function]: CodeIgniter\Debug\Exceptions->errorHandler(2, 'file_get_contents(http://localhost/crm/estimate/preview/209/bpFxeIgXZH): failed to open stream: HTTP request failed! HTTP/1.0 500 Internal Server Error
', 'APPPATH\\Controllers\\Estimate.php', 39, [...])
 2 APPPATH\Controllers\Estimate.php(39): file_get_contents('http://localhost/crm/estimate/preview/209/bpFxeIgXZH')
 3 SYSTEMPATH\CodeIgniter.php(939): App\Controllers\Estimate->print_estimate('209', 'bpFxeIgXZH')
 4 SYSTEMPATH\CodeIgniter.php(504): CodeIgniter\CodeIgniter->runController(Object(App\Controllers\Estimate))
 5 SYSTEMPATH\CodeIgniter.php(369): CodeIgniter\CodeIgniter->handleRequest(null, Object(Config\Cache), false)
 6 FCPATH\index.php(80): CodeIgniter\CodeIgniter->run()
CRITICAL - 2024-04-22 15:53:35 --> Too few arguments to function get_actual_controller_name(), 0 passed in E:\httpdocs\www\crm\app\Views\estimates\estimate_public_preview.php on line 45 and exactly 1 expected
in APPPATH\Helpers\general_helper.php on line 210.
 1 APPPATH\Views\estimates\estimate_public_preview.php(45): get_actual_controller_name()
 2 SYSTEMPATH\View\View.php(213): include('APPPATH\\Views\\estimates\\estimate_public_preview.php')
 3 SYSTEMPATH\View\View.php(216): CodeIgniter\View\View->CodeIgniter\View\{closure}()
 4 SYSTEMPATH\Common.php(1184): CodeIgniter\View\View->render('estimates/estimate_public_preview', [], true)
 5 APPPATH\Controllers\Estimate.php(77): view('estimates/estimate_public_preview', [...])
 6 SYSTEMPATH\CodeIgniter.php(939): App\Controllers\Estimate->preview('209', 'bpFxeIgXZH')
 7 SYSTEMPATH\CodeIgniter.php(504): CodeIgniter\CodeIgniter->runController(Object(App\Controllers\Estimate))
 8 SYSTEMPATH\CodeIgniter.php(369): CodeIgniter\CodeIgniter->handleRequest(null, Object(Config\Cache), false)
 9 FCPATH\index.php(80): CodeIgniter\CodeIgniter->run()
CRITICAL - 2024-04-22 15:53:35 --> file_get_contents(http://localhost/crm/estimate/preview/209/bpFxeIgXZH): failed to open stream: HTTP request failed! HTTP/1.0 500 Internal Server Error

in APPPATH\Controllers\Estimate.php on line 39.
 1 [internal function]: CodeIgniter\Debug\Exceptions->errorHandler(2, 'file_get_contents(http://localhost/crm/estimate/preview/209/bpFxeIgXZH): failed to open stream: HTTP request failed! HTTP/1.0 500 Internal Server Error
', 'APPPATH\\Controllers\\Estimate.php', 39, [...])
 2 APPPATH\Controllers\Estimate.php(39): file_get_contents('http://localhost/crm/estimate/preview/209/bpFxeIgXZH')
 3 SYSTEMPATH\CodeIgniter.php(939): App\Controllers\Estimate->print_estimate('209', 'bpFxeIgXZH')
 4 SYSTEMPATH\CodeIgniter.php(504): CodeIgniter\CodeIgniter->runController(Object(App\Controllers\Estimate))
 5 SYSTEMPATH\CodeIgniter.php(369): CodeIgniter\CodeIgniter->handleRequest(null, Object(Config\Cache), false)
 6 FCPATH\index.php(80): CodeIgniter\CodeIgniter->run()
CRITICAL - 2024-04-22 15:53:36 --> Too few arguments to function get_actual_controller_name(), 0 passed in E:\httpdocs\www\crm\app\Views\estimates\estimate_public_preview.php on line 45 and exactly 1 expected
in APPPATH\Helpers\general_helper.php on line 210.
 1 APPPATH\Views\estimates\estimate_public_preview.php(45): get_actual_controller_name()
 2 SYSTEMPATH\View\View.php(213): include('APPPATH\\Views\\estimates\\estimate_public_preview.php')
 3 SYSTEMPATH\View\View.php(216): CodeIgniter\View\View->CodeIgniter\View\{closure}()
 4 SYSTEMPATH\Common.php(1184): CodeIgniter\View\View->render('estimates/estimate_public_preview', [], true)
 5 APPPATH\Controllers\Estimate.php(77): view('estimates/estimate_public_preview', [...])
 6 SYSTEMPATH\CodeIgniter.php(939): App\Controllers\Estimate->preview('209', 'bpFxeIgXZH')
 7 SYSTEMPATH\CodeIgniter.php(504): CodeIgniter\CodeIgniter->runController(Object(App\Controllers\Estimate))
 8 SYSTEMPATH\CodeIgniter.php(369): CodeIgniter\CodeIgniter->handleRequest(null, Object(Config\Cache), false)
 9 FCPATH\index.php(80): CodeIgniter\CodeIgniter->run()
CRITICAL - 2024-04-22 15:53:36 --> file_get_contents(http://localhost/crm/estimate/preview/209/bpFxeIgXZH): failed to open stream: HTTP request failed! HTTP/1.0 500 Internal Server Error

in APPPATH\Controllers\Estimate.php on line 39.
 1 [internal function]: CodeIgniter\Debug\Exceptions->errorHandler(2, 'file_get_contents(http://localhost/crm/estimate/preview/209/bpFxeIgXZH): failed to open stream: HTTP request failed! HTTP/1.0 500 Internal Server Error
', 'APPPATH\\Controllers\\Estimate.php', 39, [...])
 2 APPPATH\Controllers\Estimate.php(39): file_get_contents('http://localhost/crm/estimate/preview/209/bpFxeIgXZH')
 3 SYSTEMPATH\CodeIgniter.php(939): App\Controllers\Estimate->print_estimate('209', 'bpFxeIgXZH')
 4 SYSTEMPATH\CodeIgniter.php(504): CodeIgniter\CodeIgniter->runController(Object(App\Controllers\Estimate))
 5 SYSTEMPATH\CodeIgniter.php(369): CodeIgniter\CodeIgniter->handleRequest(null, Object(Config\Cache), false)
 6 FCPATH\index.php(80): CodeIgniter\CodeIgniter->run()
CRITICAL - 2024-04-22 15:53:36 --> Too few arguments to function get_actual_controller_name(), 0 passed in E:\httpdocs\www\crm\app\Views\estimates\estimate_public_preview.php on line 45 and exactly 1 expected
in APPPATH\Helpers\general_helper.php on line 210.
 1 APPPATH\Views\estimates\estimate_public_preview.php(45): get_actual_controller_name()
 2 SYSTEMPATH\View\View.php(213): include('APPPATH\\Views\\estimates\\estimate_public_preview.php')
 3 SYSTEMPATH\View\View.php(216): CodeIgniter\View\View->CodeIgniter\View\{closure}()
 4 SYSTEMPATH\Common.php(1184): CodeIgniter\View\View->render('estimates/estimate_public_preview', [], true)
 5 APPPATH\Controllers\Estimate.php(77): view('estimates/estimate_public_preview', [...])
 6 SYSTEMPATH\CodeIgniter.php(939): App\Controllers\Estimate->preview('209', 'bpFxeIgXZH')
 7 SYSTEMPATH\CodeIgniter.php(504): CodeIgniter\CodeIgniter->runController(Object(App\Controllers\Estimate))
 8 SYSTEMPATH\CodeIgniter.php(369): CodeIgniter\CodeIgniter->handleRequest(null, Object(Config\Cache), false)
 9 FCPATH\index.php(80): CodeIgniter\CodeIgniter->run()
CRITICAL - 2024-04-22 15:53:36 --> file_get_contents(http://localhost/crm/estimate/preview/209/bpFxeIgXZH): failed to open stream: HTTP request failed! HTTP/1.0 500 Internal Server Error

in APPPATH\Controllers\Estimate.php on line 39.
 1 [internal function]: CodeIgniter\Debug\Exceptions->errorHandler(2, 'file_get_contents(http://localhost/crm/estimate/preview/209/bpFxeIgXZH): failed to open stream: HTTP request failed! HTTP/1.0 500 Internal Server Error
', 'APPPATH\\Controllers\\Estimate.php', 39, [...])
 2 APPPATH\Controllers\Estimate.php(39): file_get_contents('http://localhost/crm/estimate/preview/209/bpFxeIgXZH')
 3 SYSTEMPATH\CodeIgniter.php(939): App\Controllers\Estimate->print_estimate('209', 'bpFxeIgXZH')
 4 SYSTEMPATH\CodeIgniter.php(504): CodeIgniter\CodeIgniter->runController(Object(App\Controllers\Estimate))
 5 SYSTEMPATH\CodeIgniter.php(369): CodeIgniter\CodeIgniter->handleRequest(null, Object(Config\Cache), false)
 6 FCPATH\index.php(80): CodeIgniter\CodeIgniter->run()
CRITICAL - 2024-04-22 15:53:37 --> Too few arguments to function get_actual_controller_name(), 0 passed in E:\httpdocs\www\crm\app\Views\estimates\estimate_public_preview.php on line 45 and exactly 1 expected
in APPPATH\Helpers\general_helper.php on line 210.
 1 APPPATH\Views\estimates\estimate_public_preview.php(45): get_actual_controller_name()
 2 SYSTEMPATH\View\View.php(213): include('APPPATH\\Views\\estimates\\estimate_public_preview.php')
 3 SYSTEMPATH\View\View.php(216): CodeIgniter\View\View->CodeIgniter\View\{closure}()
 4 SYSTEMPATH\Common.php(1184): CodeIgniter\View\View->render('estimates/estimate_public_preview', [], true)
 5 APPPATH\Controllers\Estimate.php(77): view('estimates/estimate_public_preview', [...])
 6 SYSTEMPATH\CodeIgniter.php(939): App\Controllers\Estimate->preview('209', 'bpFxeIgXZH')
 7 SYSTEMPATH\CodeIgniter.php(504): CodeIgniter\CodeIgniter->runController(Object(App\Controllers\Estimate))
 8 SYSTEMPATH\CodeIgniter.php(369): CodeIgniter\CodeIgniter->handleRequest(null, Object(Config\Cache), false)
 9 FCPATH\index.php(80): CodeIgniter\CodeIgniter->run()
CRITICAL - 2024-04-22 15:53:37 --> file_get_contents(http://localhost/crm/estimate/preview/209/bpFxeIgXZH): failed to open stream: HTTP request failed! HTTP/1.0 500 Internal Server Error

in APPPATH\Controllers\Estimate.php on line 39.
 1 [internal function]: CodeIgniter\Debug\Exceptions->errorHandler(2, 'file_get_contents(http://localhost/crm/estimate/preview/209/bpFxeIgXZH): failed to open stream: HTTP request failed! HTTP/1.0 500 Internal Server Error
', 'APPPATH\\Controllers\\Estimate.php', 39, [...])
 2 APPPATH\Controllers\Estimate.php(39): file_get_contents('http://localhost/crm/estimate/preview/209/bpFxeIgXZH')
 3 SYSTEMPATH\CodeIgniter.php(939): App\Controllers\Estimate->print_estimate('209', 'bpFxeIgXZH')
 4 SYSTEMPATH\CodeIgniter.php(504): CodeIgniter\CodeIgniter->runController(Object(App\Controllers\Estimate))
 5 SYSTEMPATH\CodeIgniter.php(369): CodeIgniter\CodeIgniter->handleRequest(null, Object(Config\Cache), false)
 6 FCPATH\index.php(80): CodeIgniter\CodeIgniter->run()
CRITICAL - 2024-04-22 15:53:55 --> Array to string conversion
in APPPATH\Views\estimates\estimate_public_preview.php on line 45.
 1 APPPATH\Views\estimates\estimate_public_preview.php(45): CodeIgniter\Debug\Exceptions->errorHandler(8, 'Array to string conversion', 'APPPATH\\Views\\estimates\\estimate_public_preview.php', 45, [...])
 2 SYSTEMPATH\View\View.php(213): include('APPPATH\\Views\\estimates\\estimate_public_preview.php')
 3 SYSTEMPATH\View\View.php(216): CodeIgniter\View\View->CodeIgniter\View\{closure}()
 4 SYSTEMPATH\Common.php(1184): CodeIgniter\View\View->render('estimates/estimate_public_preview', [], true)
 5 APPPATH\Controllers\Estimate.php(77): view('estimates/estimate_public_preview', [...])
 6 SYSTEMPATH\CodeIgniter.php(939): App\Controllers\Estimate->preview('209', 'bpFxeIgXZH')
 7 SYSTEMPATH\CodeIgniter.php(504): CodeIgniter\CodeIgniter->runController(Object(App\Controllers\Estimate))
 8 SYSTEMPATH\CodeIgniter.php(369): CodeIgniter\CodeIgniter->handleRequest(null, Object(Config\Cache), false)
 9 FCPATH\index.php(80): CodeIgniter\CodeIgniter->run()
CRITICAL - 2024-04-22 15:53:55 --> file_get_contents(http://localhost/crm/estimate/preview/209/bpFxeIgXZH): failed to open stream: HTTP request failed! HTTP/1.0 500 Internal Server Error

in APPPATH\Controllers\Estimate.php on line 39.
 1 [internal function]: CodeIgniter\Debug\Exceptions->errorHandler(2, 'file_get_contents(http://localhost/crm/estimate/preview/209/bpFxeIgXZH): failed to open stream: HTTP request failed! HTTP/1.0 500 Internal Server Error
', 'APPPATH\\Controllers\\Estimate.php', 39, [...])
 2 APPPATH\Controllers\Estimate.php(39): file_get_contents('http://localhost/crm/estimate/preview/209/bpFxeIgXZH')
 3 SYSTEMPATH\CodeIgniter.php(939): App\Controllers\Estimate->print_estimate('209', 'bpFxeIgXZH')
 4 SYSTEMPATH\CodeIgniter.php(504): CodeIgniter\CodeIgniter->runController(Object(App\Controllers\Estimate))
 5 SYSTEMPATH\CodeIgniter.php(369): CodeIgniter\CodeIgniter->handleRequest(null, Object(Config\Cache), false)
 6 FCPATH\index.php(80): CodeIgniter\CodeIgniter->run()
CRITICAL - 2024-04-22 15:54:18 --> Call to undefined function active_menu()
in APPPATH\Views\estimates\estimate_public_preview.php on line 45.
 1 SYSTEMPATH\View\View.php(213): include()
 2 SYSTEMPATH\View\View.php(216): CodeIgniter\View\View->CodeIgniter\View\{closure}()
 3 SYSTEMPATH\Common.php(1184): CodeIgniter\View\View->render('estimates/estimate_public_preview', [], true)
 4 APPPATH\Controllers\Estimate.php(77): view('estimates/estimate_public_preview', [...])
 5 SYSTEMPATH\CodeIgniter.php(939): App\Controllers\Estimate->preview('209', 'bpFxeIgXZH')
 6 SYSTEMPATH\CodeIgniter.php(504): CodeIgniter\CodeIgniter->runController(Object(App\Controllers\Estimate))
 7 SYSTEMPATH\CodeIgniter.php(369): CodeIgniter\CodeIgniter->handleRequest(null, Object(Config\Cache), false)
 8 FCPATH\index.php(80): CodeIgniter\CodeIgniter->run()
CRITICAL - 2024-04-22 15:54:18 --> file_get_contents(http://localhost/crm/estimate/preview/209/bpFxeIgXZH): failed to open stream: HTTP request failed! HTTP/1.0 500 Internal Server Error

in APPPATH\Controllers\Estimate.php on line 39.
 1 [internal function]: CodeIgniter\Debug\Exceptions->errorHandler(2, 'file_get_contents(http://localhost/crm/estimate/preview/209/bpFxeIgXZH): failed to open stream: HTTP request failed! HTTP/1.0 500 Internal Server Error
', 'APPPATH\\Controllers\\Estimate.php', 39, [...])
 2 APPPATH\Controllers\Estimate.php(39): file_get_contents('http://localhost/crm/estimate/preview/209/bpFxeIgXZH')
 3 SYSTEMPATH\CodeIgniter.php(939): App\Controllers\Estimate->print_estimate('209', 'bpFxeIgXZH')
 4 SYSTEMPATH\CodeIgniter.php(504): CodeIgniter\CodeIgniter->runController(Object(App\Controllers\Estimate))
 5 SYSTEMPATH\CodeIgniter.php(369): CodeIgniter\CodeIgniter->handleRequest(null, Object(Config\Cache), false)
 6 FCPATH\index.php(80): CodeIgniter\CodeIgniter->run()
CRITICAL - 2024-04-22 15:54:40 --> Undefined variable: router
in APPPATH\Views\estimates\estimate_public_preview.php on line 45.
 1 APPPATH\Views\estimates\estimate_public_preview.php(45): CodeIgniter\Debug\Exceptions->errorHandler(8, 'Undefined variable: router', 'APPPATH\\Views\\estimates\\estimate_public_preview.php', 45, [...])
 2 SYSTEMPATH\View\View.php(213): include('APPPATH\\Views\\estimates\\estimate_public_preview.php')
 3 SYSTEMPATH\View\View.php(216): CodeIgniter\View\View->CodeIgniter\View\{closure}()
 4 SYSTEMPATH\Common.php(1184): CodeIgniter\View\View->render('estimates/estimate_public_preview', [], true)
 5 APPPATH\Controllers\Estimate.php(77): view('estimates/estimate_public_preview', [...])
 6 SYSTEMPATH\CodeIgniter.php(939): App\Controllers\Estimate->preview('209', 'bpFxeIgXZH')
 7 SYSTEMPATH\CodeIgniter.php(504): CodeIgniter\CodeIgniter->runController(Object(App\Controllers\Estimate))
 8 SYSTEMPATH\CodeIgniter.php(369): CodeIgniter\CodeIgniter->handleRequest(null, Object(Config\Cache), false)
 9 FCPATH\index.php(80): CodeIgniter\CodeIgniter->run()
CRITICAL - 2024-04-22 15:54:40 --> file_get_contents(http://localhost/crm/estimate/preview/209/bpFxeIgXZH): failed to open stream: HTTP request failed! HTTP/1.0 500 Internal Server Error

in APPPATH\Controllers\Estimate.php on line 39.
 1 [internal function]: CodeIgniter\Debug\Exceptions->errorHandler(2, 'file_get_contents(http://localhost/crm/estimate/preview/209/bpFxeIgXZH): failed to open stream: HTTP request failed! HTTP/1.0 500 Internal Server Error
', 'APPPATH\\Controllers\\Estimate.php', 39, [...])
 2 APPPATH\Controllers\Estimate.php(39): file_get_contents('http://localhost/crm/estimate/preview/209/bpFxeIgXZH')
 3 SYSTEMPATH\CodeIgniter.php(939): App\Controllers\Estimate->print_estimate('209', 'bpFxeIgXZH')
 4 SYSTEMPATH\CodeIgniter.php(504): CodeIgniter\CodeIgniter->runController(Object(App\Controllers\Estimate))
 5 SYSTEMPATH\CodeIgniter.php(369): CodeIgniter\CodeIgniter->handleRequest(null, Object(Config\Cache), false)
 6 FCPATH\index.php(80): CodeIgniter\CodeIgniter->run()
CRITICAL - 2024-04-22 15:54:44 --> Undefined variable: router
in APPPATH\Views\estimates\estimate_public_preview.php on line 45.
 1 APPPATH\Views\estimates\estimate_public_preview.php(45): CodeIgniter\Debug\Exceptions->errorHandler(8, 'Undefined variable: router', 'APPPATH\\Views\\estimates\\estimate_public_preview.php', 45, [...])
 2 SYSTEMPATH\View\View.php(213): include('APPPATH\\Views\\estimates\\estimate_public_preview.php')
 3 SYSTEMPATH\View\View.php(216): CodeIgniter\View\View->CodeIgniter\View\{closure}()
 4 SYSTEMPATH\Common.php(1184): CodeIgniter\View\View->render('estimates/estimate_public_preview', [], true)
 5 APPPATH\Controllers\Estimate.php(77): view('estimates/estimate_public_preview', [...])
 6 SYSTEMPATH\CodeIgniter.php(939): App\Controllers\Estimate->preview('209', 'bpFxeIgXZH')
 7 SYSTEMPATH\CodeIgniter.php(504): CodeIgniter\CodeIgniter->runController(Object(App\Controllers\Estimate))
 8 SYSTEMPATH\CodeIgniter.php(369): CodeIgniter\CodeIgniter->handleRequest(null, Object(Config\Cache), false)
 9 FCPATH\index.php(80): CodeIgniter\CodeIgniter->run()
CRITICAL - 2024-04-22 15:54:44 --> file_get_contents(http://localhost/crm/estimate/preview/209/bpFxeIgXZH): failed to open stream: HTTP request failed! HTTP/1.0 500 Internal Server Error

in APPPATH\Controllers\Estimate.php on line 39.
 1 [internal function]: CodeIgniter\Debug\Exceptions->errorHandler(2, 'file_get_contents(http://localhost/crm/estimate/preview/209/bpFxeIgXZH): failed to open stream: HTTP request failed! HTTP/1.0 500 Internal Server Error
', 'APPPATH\\Controllers\\Estimate.php', 39, [...])
 2 APPPATH\Controllers\Estimate.php(39): file_get_contents('http://localhost/crm/estimate/preview/209/bpFxeIgXZH')
 3 SYSTEMPATH\CodeIgniter.php(939): App\Controllers\Estimate->print_estimate('209', 'bpFxeIgXZH')
 4 SYSTEMPATH\CodeIgniter.php(504): CodeIgniter\CodeIgniter->runController(Object(App\Controllers\Estimate))
 5 SYSTEMPATH\CodeIgniter.php(369): CodeIgniter\CodeIgniter->handleRequest(null, Object(Config\Cache), false)
 6 FCPATH\index.php(80): CodeIgniter\CodeIgniter->run()
CRITICAL - 2024-04-22 15:55:08 --> Array to string conversion
in APPPATH\Views\estimates\estimate_public_preview.php on line 45.
 1 APPPATH\Views\estimates\estimate_public_preview.php(45): CodeIgniter\Debug\Exceptions->errorHandler(8, 'Array to string conversion', 'APPPATH\\Views\\estimates\\estimate_public_preview.php', 45, [...])
 2 SYSTEMPATH\View\View.php(213): include('APPPATH\\Views\\estimates\\estimate_public_preview.php')
 3 SYSTEMPATH\View\View.php(216): CodeIgniter\View\View->CodeIgniter\View\{closure}()
 4 SYSTEMPATH\Common.php(1184): CodeIgniter\View\View->render('estimates/estimate_public_preview', [], true)
 5 APPPATH\Controllers\Estimate.php(77): view('estimates/estimate_public_preview', [...])
 6 SYSTEMPATH\CodeIgniter.php(939): App\Controllers\Estimate->preview('209', 'bpFxeIgXZH')
 7 SYSTEMPATH\CodeIgniter.php(504): CodeIgniter\CodeIgniter->runController(Object(App\Controllers\Estimate))
 8 SYSTEMPATH\CodeIgniter.php(369): CodeIgniter\CodeIgniter->handleRequest(null, Object(Config\Cache), false)
 9 FCPATH\index.php(80): CodeIgniter\CodeIgniter->run()
CRITICAL - 2024-04-22 15:55:08 --> file_get_contents(http://localhost/crm/estimate/preview/209/bpFxeIgXZH): failed to open stream: HTTP request failed! HTTP/1.0 500 Internal Server Error

in APPPATH\Controllers\Estimate.php on line 39.
 1 [internal function]: CodeIgniter\Debug\Exceptions->errorHandler(2, 'file_get_contents(http://localhost/crm/estimate/preview/209/bpFxeIgXZH): failed to open stream: HTTP request failed! HTTP/1.0 500 Internal Server Error
', 'APPPATH\\Controllers\\Estimate.php', 39, [...])
 2 APPPATH\Controllers\Estimate.php(39): file_get_contents('http://localhost/crm/estimate/preview/209/bpFxeIgXZH')
 3 SYSTEMPATH\CodeIgniter.php(939): App\Controllers\Estimate->print_estimate('209', 'bpFxeIgXZH')
 4 SYSTEMPATH\CodeIgniter.php(504): CodeIgniter\CodeIgniter->runController(Object(App\Controllers\Estimate))
 5 SYSTEMPATH\CodeIgniter.php(369): CodeIgniter\CodeIgniter->handleRequest(null, Object(Config\Cache), false)
 6 FCPATH\index.php(80): CodeIgniter\CodeIgniter->run()
CRITICAL - 2024-04-22 15:55:54 --> Array to string conversion
in APPPATH\Views\estimates\estimate_public_preview.php on line 45.
 1 APPPATH\Views\estimates\estimate_public_preview.php(45): CodeIgniter\Debug\Exceptions->errorHandler(8, 'Array to string conversion', 'APPPATH\\Views\\estimates\\estimate_public_preview.php', 45, [...])
 2 SYSTEMPATH\View\View.php(213): include('APPPATH\\Views\\estimates\\estimate_public_preview.php')
 3 SYSTEMPATH\View\View.php(216): CodeIgniter\View\View->CodeIgniter\View\{closure}()
 4 SYSTEMPATH\Common.php(1184): CodeIgniter\View\View->render('estimates/estimate_public_preview', [], true)
 5 APPPATH\Controllers\Estimate.php(77): view('estimates/estimate_public_preview', [...])
 6 SYSTEMPATH\CodeIgniter.php(939): App\Controllers\Estimate->preview('209', 'bpFxeIgXZH')
 7 SYSTEMPATH\CodeIgniter.php(504): CodeIgniter\CodeIgniter->runController(Object(App\Controllers\Estimate))
 8 SYSTEMPATH\CodeIgniter.php(369): CodeIgniter\CodeIgniter->handleRequest(null, Object(Config\Cache), false)
 9 FCPATH\index.php(80): CodeIgniter\CodeIgniter->run()
CRITICAL - 2024-04-22 15:55:54 --> file_get_contents(http://localhost/crm/estimate/preview/209/bpFxeIgXZH): failed to open stream: HTTP request failed! HTTP/1.0 500 Internal Server Error

in APPPATH\Controllers\Estimate.php on line 39.
 1 [internal function]: CodeIgniter\Debug\Exceptions->errorHandler(2, 'file_get_contents(http://localhost/crm/estimate/preview/209/bpFxeIgXZH): failed to open stream: HTTP request failed! HTTP/1.0 500 Internal Server Error
', 'APPPATH\\Controllers\\Estimate.php', 39, [...])
 2 APPPATH\Controllers\Estimate.php(39): file_get_contents('http://localhost/crm/estimate/preview/209/bpFxeIgXZH')
 3 SYSTEMPATH\CodeIgniter.php(939): App\Controllers\Estimate->print_estimate('209', 'bpFxeIgXZH')
 4 SYSTEMPATH\CodeIgniter.php(504): CodeIgniter\CodeIgniter->runController(Object(App\Controllers\Estimate))
 5 SYSTEMPATH\CodeIgniter.php(369): CodeIgniter\CodeIgniter->handleRequest(null, Object(Config\Cache), false)
 6 FCPATH\index.php(80): CodeIgniter\CodeIgniter->run()
CRITICAL - 2024-04-22 15:56:00 --> Array to string conversion
in APPPATH\Views\estimates\estimate_public_preview.php on line 33.
 1 APPPATH\Views\estimates\estimate_public_preview.php(33): CodeIgniter\Debug\Exceptions->errorHandler(8, 'Array to string conversion', 'APPPATH\\Views\\estimates\\estimate_public_preview.php', 33, [...])
 2 SYSTEMPATH\View\View.php(213): include('APPPATH\\Views\\estimates\\estimate_public_preview.php')
 3 SYSTEMPATH\View\View.php(216): CodeIgniter\View\View->CodeIgniter\View\{closure}()
 4 SYSTEMPATH\Common.php(1184): CodeIgniter\View\View->render('estimates/estimate_public_preview', [], true)
 5 APPPATH\Controllers\Estimate.php(77): view('estimates/estimate_public_preview', [...])
 6 SYSTEMPATH\CodeIgniter.php(939): App\Controllers\Estimate->preview('209', 'bpFxeIgXZH')
 7 SYSTEMPATH\CodeIgniter.php(504): CodeIgniter\CodeIgniter->runController(Object(App\Controllers\Estimate))
 8 SYSTEMPATH\CodeIgniter.php(369): CodeIgniter\CodeIgniter->handleRequest(null, Object(Config\Cache), false)
 9 FCPATH\index.php(80): CodeIgniter\CodeIgniter->run()
CRITICAL - 2024-04-22 15:56:00 --> file_get_contents(http://localhost/crm/estimate/preview/209/bpFxeIgXZH): failed to open stream: HTTP request failed! HTTP/1.0 500 Internal Server Error

in APPPATH\Controllers\Estimate.php on line 39.
 1 [internal function]: CodeIgniter\Debug\Exceptions->errorHandler(2, 'file_get_contents(http://localhost/crm/estimate/preview/209/bpFxeIgXZH): failed to open stream: HTTP request failed! HTTP/1.0 500 Internal Server Error
', 'APPPATH\\Controllers\\Estimate.php', 39, [...])
 2 APPPATH\Controllers\Estimate.php(39): file_get_contents('http://localhost/crm/estimate/preview/209/bpFxeIgXZH')
 3 SYSTEMPATH\CodeIgniter.php(939): App\Controllers\Estimate->print_estimate('209', 'bpFxeIgXZH')
 4 SYSTEMPATH\CodeIgniter.php(504): CodeIgniter\CodeIgniter->runController(Object(App\Controllers\Estimate))
 5 SYSTEMPATH\CodeIgniter.php(369): CodeIgniter\CodeIgniter->handleRequest(null, Object(Config\Cache), false)
 6 FCPATH\index.php(80): CodeIgniter\CodeIgniter->run()
CRITICAL - 2024-04-22 15:56:02 --> Array to string conversion
in APPPATH\Views\estimates\estimate_public_preview.php on line 33.
 1 APPPATH\Views\estimates\estimate_public_preview.php(33): CodeIgniter\Debug\Exceptions->errorHandler(8, 'Array to string conversion', 'APPPATH\\Views\\estimates\\estimate_public_preview.php', 33, [...])
 2 SYSTEMPATH\View\View.php(213): include('APPPATH\\Views\\estimates\\estimate_public_preview.php')
 3 SYSTEMPATH\View\View.php(216): CodeIgniter\View\View->CodeIgniter\View\{closure}()
 4 SYSTEMPATH\Common.php(1184): CodeIgniter\View\View->render('estimates/estimate_public_preview', [], true)
 5 APPPATH\Controllers\Estimate.php(77): view('estimates/estimate_public_preview', [...])
 6 SYSTEMPATH\CodeIgniter.php(939): App\Controllers\Estimate->preview('209', 'bpFxeIgXZH')
 7 SYSTEMPATH\CodeIgniter.php(504): CodeIgniter\CodeIgniter->runController(Object(App\Controllers\Estimate))
 8 SYSTEMPATH\CodeIgniter.php(369): CodeIgniter\CodeIgniter->handleRequest(null, Object(Config\Cache), false)
 9 FCPATH\index.php(80): CodeIgniter\CodeIgniter->run()
CRITICAL - 2024-04-22 15:56:02 --> file_get_contents(http://localhost/crm/estimate/preview/209/bpFxeIgXZH): failed to open stream: HTTP request failed! HTTP/1.0 500 Internal Server Error

in APPPATH\Controllers\Estimate.php on line 39.
 1 [internal function]: CodeIgniter\Debug\Exceptions->errorHandler(2, 'file_get_contents(http://localhost/crm/estimate/preview/209/bpFxeIgXZH): failed to open stream: HTTP request failed! HTTP/1.0 500 Internal Server Error
', 'APPPATH\\Controllers\\Estimate.php', 39, [...])
 2 APPPATH\Controllers\Estimate.php(39): file_get_contents('http://localhost/crm/estimate/preview/209/bpFxeIgXZH')
 3 SYSTEMPATH\CodeIgniter.php(939): App\Controllers\Estimate->print_estimate('209', 'bpFxeIgXZH')
 4 SYSTEMPATH\CodeIgniter.php(504): CodeIgniter\CodeIgniter->runController(Object(App\Controllers\Estimate))
 5 SYSTEMPATH\CodeIgniter.php(369): CodeIgniter\CodeIgniter->handleRequest(null, Object(Config\Cache), false)
 6 FCPATH\index.php(80): CodeIgniter\CodeIgniter->run()
CRITICAL - 2024-04-22 15:56:15 --> Array to string conversion
in APPPATH\Views\estimates\estimate_download_pdf.php on line 8.
 1 APPPATH\Views\estimates\estimate_download_pdf.php(8): CodeIgniter\Debug\Exceptions->errorHandler(8, 'Array to string conversion', 'APPPATH\\Views\\estimates\\estimate_download_pdf.php', 8, [...])
 2 SYSTEMPATH\View\View.php(213): include('APPPATH\\Views\\estimates\\estimate_download_pdf.php')
 3 SYSTEMPATH\View\View.php(216): CodeIgniter\View\View->CodeIgniter\View\{closure}()
 4 SYSTEMPATH\Common.php(1184): CodeIgniter\View\View->render('estimates/estimate_download_pdf', [], true)
 5 APPPATH\Controllers\Estimate.php(107): view('estimates/estimate_download_pdf', [...])
 6 SYSTEMPATH\CodeIgniter.php(939): App\Controllers\Estimate->download_pdf('209', 'bpFxeIgXZH')
 7 SYSTEMPATH\CodeIgniter.php(504): CodeIgniter\CodeIgniter->runController(Object(App\Controllers\Estimate))
 8 SYSTEMPATH\CodeIgniter.php(369): CodeIgniter\CodeIgniter->handleRequest(null, Object(Config\Cache), false)
 9 FCPATH\index.php(80): CodeIgniter\CodeIgniter->run()
